<?xml version="1.0" encoding="UTF-8"?>
<!-- Generated by org.testng.reporters.JUnitXMLReporter -->
<testsuite ignored="0" hostname="Oz" failures="0" tests="6" name="Surefire test" time="8.511" errors="0" timestamp="2025-01-20T20:43:41 CST">
  <testcase classname="restAssuresTest.ECommerceAPITest" name="login" time="2.184"/>
  <testcase classname="restAssuresTest.ECommerceAPITest" name="addProduct" time="2.711"/>
  <testcase classname="restAssuresTest.ECommerceAPITest" name="createOrder" time="0.896"/>
  <testcase classname="restAssuresTest.ECommerceAPITest" name="deleteProduct" time="0.91"/>
  <testcase classname="restAssuresTest.SerializeTest" name="serializeAddPlace" time="0.9"/>
  <testcase classname="restAssuresTest.SpecBuilderTest" name="serializeAddPlace" time="0.885"/>
</testsuite> <!-- Surefire test -->
