<?xml version="1.0" encoding="UTF-8"?>
<testng-results ignored="0" total="6" passed="6" failed="0" skipped="0">
  <reporter-output>
  </reporter-output>
  <suite started-at="2025-01-20T20:43:32 CST" name="Surefire suite" finished-at="2025-01-20T20:43:41 CST" duration-ms="8511">
    <groups>
    </groups>
    <test started-at="2025-01-20T20:43:32 CST" name="Surefire test" finished-at="2025-01-20T20:43:41 CST" duration-ms="8511">
      <class name="restAssuresTest.SpecBuilderTest">
        <test-method signature="serializeAddPlace()[pri:0, instance:restAssuresTest.SpecBuilderTest@5dd6264]" started-at="2025-01-20T20:43:40 CST" name="serializeAddPlace" finished-at="2025-01-20T20:43:41 CST" duration-ms="885" status="PASS">
          <reporter-output>
          </reporter-output>
        </test-method> <!-- serializeAddPlace -->
      </class> <!-- restAssuresTest.SpecBuilderTest -->
      <class name="restAssuresTest.SerializeTest">
        <test-method signature="serializeAddPlace()[pri:0, instance:restAssuresTest.SerializeTest@78aab498]" started-at="2025-01-20T20:43:39 CST" name="serializeAddPlace" finished-at="2025-01-20T20:43:40 CST" duration-ms="900" status="PASS">
          <reporter-output>
          </reporter-output>
        </test-method> <!-- serializeAddPlace -->
      </class> <!-- restAssuresTest.SerializeTest -->
      <class name="restAssuresTest.ECommerceAPITest">
        <test-method signature="login()[pri:1, instance:restAssuresTest.ECommerceAPITest@419c5f1a]" started-at="2025-01-20T20:43:32 CST" name="login" finished-at="2025-01-20T20:43:34 CST" duration-ms="2184" status="PASS">
          <reporter-output>
          </reporter-output>
        </test-method> <!-- login -->
        <test-method signature="addProduct()[pri:2, instance:restAssuresTest.ECommerceAPITest@419c5f1a]" started-at="2025-01-20T20:43:34 CST" name="addProduct" finished-at="2025-01-20T20:43:37 CST" duration-ms="2711" status="PASS">
          <reporter-output>
          </reporter-output>
        </test-method> <!-- addProduct -->
        <test-method signature="createOrder()[pri:3, instance:restAssuresTest.ECommerceAPITest@419c5f1a]" started-at="2025-01-20T20:43:37 CST" name="createOrder" finished-at="2025-01-20T20:43:38 CST" duration-ms="896" status="PASS">
          <reporter-output>
          </reporter-output>
        </test-method> <!-- createOrder -->
        <test-method signature="deleteProduct()[pri:4, instance:restAssuresTest.ECommerceAPITest@419c5f1a]" started-at="2025-01-20T20:43:38 CST" name="deleteProduct" finished-at="2025-01-20T20:43:39 CST" duration-ms="910" status="PASS">
          <reporter-output>
          </reporter-output>
        </test-method> <!-- deleteProduct -->
      </class> <!-- restAssuresTest.ECommerceAPITest -->
    </test> <!-- Surefire test -->
  </suite> <!-- Surefire suite -->
</testng-results>
