<?xml version="1.0" encoding="UTF-8"?>
<testsuite xmlns:xsi="http://www.w3.org/2001/XMLSchema-instance" xsi:noNamespaceSchemaLocation="https://maven.apache.org/surefire/maven-surefire-plugin/xsd/surefire-test-report-3.0.xsd" version="3.0" name="TestSuite" time="8.835" tests="6" errors="0" skipped="0" failures="0">
  <properties>
[...]
</properties>
  <testcase name="login" classname="restAssuresTest.ECommerceAPITest" time="2.185">
    <system-out><![CDATA[Request method:	POST
Request URI:	https://rahulshettyacademy.com/api/ecom/auth/login
Proxy:			<none>
Request params:	<none>
Query params:	<none>
Form params:	<none>
Path params:	<none>
Headers:		Accept=*/*
				Content-Type=application/json
Cookies:		<none>
Multiparts:		<none>
Body:
{
    "userEmail": "awalker@housereal.com",
    "userPassword": "All3n.walk3r"
}
HTTP/1.1 200 OK
Date: Tue, 21 Jan 2025 02:44:57 GMT
Server: Apache/2.4.52 (Ubuntu)
Content-Security-Policy: default-src 'self';base-uri 'self';block-all-mixed-content;font-src 'self' https: data:;frame-ancestors 'self';img-src 'self' data:;object-src 'none';script-src 'self';script-src-attr 'none';style-src 'self' https: 'unsafe-inline';upgrade-insecure-requests
X-DNS-Prefetch-Control: off
Expect-CT: max-age=0
X-Frame-Options: SAMEORIGIN
Strict-Transport-Security: max-age=15552000; includeSubDomains
X-Download-Options: noopen
X-Content-Type-Options: nosniff
X-Permitted-Cross-Domain-Policies: none
Referrer-Policy: no-referrer
X-XSS-Protection: 0
Access-Control-Allow-Origin: *
Content-Type: application/json; charset=utf-8
Content-Length: 360
ETag: W/"168-TGBHkvFvmAF1pizjGfFEhWC9AhA"
Vary: Accept-Encoding
Keep-Alive: timeout=5, max=100
Connection: Keep-Alive

{
    "token": "eyJhbGciOiJIUzI1NiIsInR5cCI6IkpXVCJ9.eyJfaWQiOiI2Nzg1OGM1MGUyYjU0NDNiMWYyMjA5ZDIiLCJ1c2VyRW1haWwiOiJhd2Fsa2VyQGhvdXNlcmVhbC5jb20iLCJ1c2VyTW9iaWxlIjoyNTg0MjU4NzQ1LCJ1c2VyUm9sZSI6ImN1c3RvbWVyIiwiaWF0IjoxNzM3NDI3NDk3LCJleHAiOjE3Njg5ODUwOTd9.lYB1BhbJUrU3-q2xzpBO0rjCAOe6HORAVyxZuyxKqoE",
    "userId": "67858c50e2b5443b1f2209d2",
    "message": "Login Successfully"
}
]]></system-out>
    <system-err><![CDATA[SLF4J: Failed to load class "org.slf4j.impl.StaticLoggerBinder".
SLF4J: Defaulting to no-operation (NOP) logger implementation
SLF4J: See http://www.slf4j.org/codes.html#StaticLoggerBinder for further details.
]]></system-err>
  </testcase>
  <testcase name="addProduct" classname="restAssuresTest.ECommerceAPITest" time="2.709">
    <system-out><![CDATA[Request method:	POST
Request URI:	https://rahulshettyacademy.com/api/ecom/product/add-product
Proxy:			<none>
Request params:	productName=Dr martens
				productAddedBy=67858c50e2b5443b1f2209d2
				productCategory=fashion
				productSubCategory=shoes
				productPrice=15100
				productDescription=stylish boots
				productFor=men
Query params:	<none>
Form params:	<none>
Path params:	<none>
Headers:		Authorization=eyJhbGciOiJIUzI1NiIsInR5cCI6IkpXVCJ9.eyJfaWQiOiI2Nzg1OGM1MGUyYjU0NDNiMWYyMjA5ZDIiLCJ1c2VyRW1haWwiOiJhd2Fsa2VyQGhvdXNlcmVhbC5jb20iLCJ1c2VyTW9iaWxlIjoyNTg0MjU4NzQ1LCJ1c2VyUm9sZSI6ImN1c3RvbWVyIiwiaWF0IjoxNzM3NDI3NDk3LCJleHAiOjE3Njg5ODUwOTd9.lYB1BhbJUrU3-q2xzpBO0rjCAOe6HORAVyxZuyxKqoE
				Accept=*/*
				Content-Type=multipart/form-data
Cookies:		<none>
Multiparts:		------------
				Content-Disposition: form-data; name = productImage; filename = attachment.jpg
				Content-Type: application/octet-stream

				����&amp#0;&amp#16;JFIF&amp#0;&amp#1;&amp#1;&amp#0;&amp#0;&amp#1;&amp#0;&amp#1;&amp#0;&amp#0;��&amp#0;|Photoshop 3.0&amp#0;8BIM&amp#4;&amp#4;&amp#0;&amp#0;&amp#0;&amp#0;&amp#0;`&amp#28;&amp#2;(&amp#0;ZFBMD2300096d010000dcdc0000843001003d830100a0d10200d893030007e90300cde70400866a050018e20500&amp#0;��&amp#0;C&amp#0;&amp#2;&amp#2;&amp#2;&amp#2;&amp#2;&amp#2;&amp#3;&amp#2;&amp#2;&amp#3;&amp#4;&amp#3;&amp#3;&amp#3;&amp#4;&amp#5;&amp#4;&amp#4;&amp#4;&amp#4;&amp#5;&amp#7;&amp#5;&amp#5;&amp#5;&amp#5;&amp#5;&amp#7;&amp#8;&amp#7;&amp#7;&amp#7;&amp#7;&amp#7;&amp#7;&amp#8;&amp#8;&amp#8;&amp#8;&amp#8;&amp#8;&amp#8;&amp#8;





&amp#11;&amp#11;&amp#11;&amp#11;&amp#11;��&amp#0;C&amp#1;&amp#2;&amp#2;&amp#2;&amp#3;&amp#3;&amp#3;&amp#6;&amp#3;&amp#3;&amp#6;	&amp#7;	��&amp#0;&amp#17;&amp#8;&amp#7;&amp#8;&amp#5;�&amp#3;&amp#1;"&amp#0;&amp#2;&amp#17;&amp#1;&amp#3;&amp#17;&amp#1;��&amp#0;&amp#30;&amp#0;&amp#0;&amp#1;&amp#4;&amp#3;&amp#1;&amp#1;&amp#1;&amp#0;&amp#0;&amp#0;&amp#0;&amp#0;&amp#0;&amp#0;&amp#0;&amp#0;&amp#5;&amp#3;&amp#4;&amp#6;&amp#7;&amp#1;&amp#2;&amp#8;&amp#0;	
��&amp#0;&amp#28;&amp#1;&amp#0;&amp#2;&amp#3;&amp#1;&amp#1;&amp#1;&amp#1;&amp#0;&amp#0;&amp#0;&amp#0;&amp#0;&amp#0;&amp#0;&amp#0;&amp#0;&amp#3;&amp#4;&amp#1;&amp#2;&amp#5;&amp#0;&amp#6;&amp#7;&amp#8;��&amp#0;&amp#12;&amp#3;&amp#1;&amp#0;&amp#2;&amp#16;&amp#3;&amp#16;&amp#0;&amp#0;&amp#0;�|����HO7��~�&amp#11;&amp#16;�j��慾��d�o��Kd���&amp#22;���&amp#7;(*&amp#4;�����&amp#22;. Ɔ#�'�B�&amp#11;&amp#4;-��%�]1&x&amp#8;�hG��k�ԏ��&amp#26;��&amp#21;d�\�?w"(10��{�'˞��o�>�;��^sk��&amp#26;	�՗�B�@'d�\&amp#30;{V�m�N���>i�=�[Y\��&amp#22;A&amp#18;����s��PL�ϖ<l���1�&amp#19;4_F&amp#28;S\.S9�ڨG#�x�&amp#22;�}�e'�w�%&amp#3;�B���vn��mc&amp#31;&amp#24;D~�d&amp#6;E&amp#31;=��������&amp#8;a��_�1�U, �亶�)̅��QW��:���&amp#23;�� 	��?]�x&amp#31;r��*����&amp#15;�'&amp#31;f�d��ߣ���u&amp#11;q��&amp#17;c5<�/v&amp#16;&amp#6;k��PB̴�׹&amp#22;�J�&amp#30;�/[	�"
Bj�&amp#11;w-L�&amp#12;%�&amp#25;[q�&amp#11;7&amp#21;Tʹ��X�&amp#30;��0{dW&amp#30;	&amp#19;&amp#29;S�#����ey@���t(y&amp#20;&amp#18;�B&amp#17;�&amp#26;T^�Fc&amp#19;&amp#7;�.KU�&amp#23;"�&amp#26;�k�(ڜ�&amp#15;�ٰ&amp#30;j#~�¤M[n&amp#4;Z�A.t��&amp#31;&amp#19;\&amp#4;&amp#19;⨖���z���U�]몖���|�����P�u�n��&amp#24;:a|uv�5��4x׀�e���~&amp#27;�����&amp#0;&amp#29;&�&amp#5;�&amp#24;4⧓�&amp#2;�x|�m,�a5�&amp#11;�&amp#7;"&amp#28;��B�&amp#7;��I�&amp#23;{&amp#24;���^�&amp#25;�d�&amp#16;&&amp#5;�dp�]��k4Tu}*����&amp#0;�������&amp#21;�%]�ǣhm�=p4��_aA�&amp#7;�{a&amp#18;�n��~�����&amp#19;r��ܥ���X�L�ia"Q&amp#21;�&amp#12;&amp#23;3�I�&amp#25;�&amp#20;d��&amp#30;wЬ��Eё�&amp#11;k���i���1���ߟޑ�����u�s��O�&amp#17;���5�CW�&��n��+����&amp#6;&amp#19;V&amp#25;�ke�3&amp#11;��L&amp#19;�&amp#6;���tE��~_|��d�$���QЭ�h#"{&amp#29;$�M&amp#11;���@���9}&amp#27;{�}�U&amp#4;�݂J>¤@�&amp#25;�&amp#14;+&amp#28;�{�&amp#5;`h�|]����X&amp#29;&amp#23;|�Y�&amp#28;V�������&amp#27;$��&amp#2;&amp#11;�5�K&amp#1;��&amp#1;�YK�&amp#31;Ea&amp#31;1+���e=���+���`�Ts�&amp#17;&amp#7;�&amp#0;2�fd�\͇3���^2�&amp#15;ϲ���f=BI��&amp#25;:4��,�L�-��>�V��e��&��p� KU&amp#21;�&amp#27;l�
�M�n��:b�Y|/�h<Q��k�D`��|��'&amp#31;�&amp#8;��?5���&amp#23;&��Y�WIN���_M�sV��th�[Ⱦ	&amp#14;�����&amp#26;�n-&amp#15;$�ѓ�x���x���ŀ�+Xu�&amp#3;�߮�%&amp#31;+�&amp#2;A&amp#31;�s-��Jn�9l��~�V&amp#4;B7&amp#19;[L����_�Y:�Z�3X�lX&amp#24;����r5�o'�&amp#15;�&amp#18;�:ex3���&amp#5;,�ǫ;���G����y?A&amp#0;��|�!�ʄZU
�5�&amp#22;�'��E�#��ϭ	�4&amp#8;D&amp#30;n�V0П1��;Cp2��'{��W��O&amp#31;&amp#27;�J��Kլqig��q&amp#4;'��_I&amp#15;)!_5�Ή&A4St�M&amp#17;����&amp#1;��V�9�lʒ��&amp#24;f&amp#27;&amp#17;i�=��`Iy�S���#�<&amp#1;�^�&amp#26;�Ԥ&amp#4;E�h.G&amp#16;Eԣ���3�*��|o�f��V4l&amp#20;�&amp#27;!&amp#22;*H&�&amp#21;���z�1'�	���3|���&amp#2;�VN�,�9�&amp#12;oFB<^��AZ��&amp#15;�Fw�:��X����&amp#19;�()��p��<�E?��~둎�aiu&amp#25;����{u&amp#22;Eڜ����\���$����&amp#6;Eja�s<�&amp#20;��d�a�&amp#14;�&amp#14;��n)&amp#27;��&amp#2;�uM�b�&amp#23;6&amp#28;E�&amp#26;"<��Z��g&amp#3;3�6�Nc��&amp#8;�ǐe�/�M���9�a���&amp#0;,�K|)��I}�ڍ&amp#19;$��MVkV˩�c�It�V�g3O�`R&amp#25;�&amp#7;��&amp#26;�^��$'3�N�<����K]�_K�<Mʩ�qX&amp#30;���iE5�b$�m�2�&amp#16;���d�e5��&amp#0;R�k��^P�U-m�&amp#28;&amp#16;���\�<T���&amp#24;їG[U��
����NZ�ߚ}&amp#0;�)&amp#16;&amp#31;9�]�>+���"� �'ay��y����}5�|�#�&amp#1;��<���򵠢J�����FCv��ę�&amp#28;K���c&amp#12;��a%�Hu2L�f?1㙌ꃒ!�#���li��&amp#23;��&amp#22;�x�a�&�Q����̛�hƾ'�&�)!�z@���� &amp#22;�"u)�&amp#5;�a�*�&amp#20;�{Dd�OMC�fP�ua&amp#18;ކGc�u�&amp#27;�n��xgV��ʚ�;H�&amp#8;+�d&amp#27;D����&amp#1;#�]&amp#5;#�ۥخ;�����&amp#5;5�A'x&amp#31;1H��@hH�q��(ـǖ=�Pc�&amp#24;��Ư)tS�&amp#21;��&amp#19;�	�6ףfDZ^a5����Jd~�����S�]&amp#29;&amp#15;&amp#12;x;�k>�5&amp#22;,����k�a����&amp#0;E�5�XO&amp#24;�&amp#6;�5ū���>�M���_�U�lQ�&amp#27;I���/�.�m��y�U�u�8k&amp#28;ģG�����]�m&amp#25;\&amp#15;Sa�����3&amp#31;�?>�
V�*KX�i(&amp#25;�&amp#25;}J�O&amp#2;�3��_·�б�&amp#17;�T[��<�V3<�BV+<ij�8�F�����L��&amp#3;�|ܜ|��yqM�mA/د��#/&amp#26;+��&amp#23;3&amp#18;(�S��́����&amp#23;�>E�~�&amp#30;1߈�A��&amp#31;���ƇIj^A��~��L�&amp#11;iަ4u��&amp#26;f&amp#30;%�]M0�&amp#21;&amp#21;��	5&amp#7;�[��.�9�qx���x�C%Q&amp#31;&amp#31;�Ւ¥ϠQ&amp#21;��kV�ت��&amp#12;���
�&amp#20;��*&amp#16;��R��6�/����D��&amp#25;&amp#22;���'�t�9?�vn��0��q�&amp#6;��&amp#5;��[Q�/G]���S��L�&amp#15;������%F�O��5��A3�&amp#12;������&amp#12;�%��Sa&amp#25;	if&�&amp#27;|,�&amp#17;��&amp#25;>�u�R%Ly.�[�X�-�x��&amp#27;���&amp#23;��?\Q�L�ݓJo���&&amp#14;��A�c&amp#5;��OUS&amp#3;&amp#26;�D���&amp#27;�&amp#18;���?�xY$�&amp#7;4���䋋{���
#�}&amp#3;���3H�#��N0�8^����
��1��&amp#7;hXZ&amp#3;6�chퟭ|��4&amp#28;��ậ�_�d�*���7�&amp#28;k�ԩ8Ak�q��&amp#23;Ʉ;W�0?5��!�_��&amp#6;����)�&amp#22;p��&amp#8;Ԃ2ʂ=�b�[�&amp#16;n�7�6��&amp#6;&amp#18;�s�n���شB�&amp#17;3U8�i��&amp#1;���j�0&amp#8;Φ&amp#22;G?&amp#16;ʈ���]pD&amp#6;2u$/b�a;&amp#1;�|������ö�C�^�;&amp#31;�|��1ܺ��<vg
dt�&amp#8;�Y�;)�I�" \�G� ��c�&amp#20;�aYڥ5&amp#24;��PhpN�n˹�G����&amp#14;��<���l
n�eS��C!�l&+��P�ȩ�U���a�P�2�&amp#3;��=˚A��Nl�i�֖&amp#23;"���|H�&amp#18;D��&amp#29;��'V��&amp#8;�7)��*�j�G[&amp#19;��&amp#4;?��v���?�'�W�L��#�7&amp#17;�]=%E�y��&amp#4;s\��Zk
��&amp#25;��M�A��,o[;XvdoTh��	(�&amp#11;���:SA�&amp#27;�X���Rh�(K�?5�L��G��&amp#18;�W�܈>&amp#12;O%���&amp#18;&amp#28;�ą&amp#30;e���e��e�Ds�͑�7�cF�%&amp#21;�&amp#15;&amp#20;�m&amp#14;�}G�d&amp#31;"�&amp#27;i4�{�z=Ur��~Dz�^��,�󾌆��&amp#17;��W�G�&amp#14;J�X&amp#27;ଊ>�����,2��&amp#6;�6Q��>��:苪k��*��X.Vn��鲨6��Qup�.6(7�ek~���^
��ܢ�o&amp#31;)�&amp#28;$�>;�.��W&amp#16;A)�=�;
),�
]�[P��W��&amp#18;ś&amp#24;�ߋ����&amp#30;N ���&amp#25;k$&amp#25;'��
&amp#30;`-����N�5�i*&amp#8;�1��&amp#17;�&amp#30;H�L��z�&amp#0;�:g�?I��m/�����GB�'i�&amp#20;�j4�#VV��sJ��՗�0�*>"R�-чǫNn�&amp#25;N&amp#15;)-�&amp#21;��̗U�&amp#14;�&amp#17;M6�q��v�zU��&amp#5;���H�(�&amp#18;T�y&amp#4;(����H3O���u����&amp#20;`=ZYI�n�)bi&amp#29;��J��O&amp#2;X�c(Eȁ9�-�E��^.��:��m�&amp#11;mX��"N�&amp#19;c��&amp#6;t���|��&�l���CF�gK6h`�&amp#28;<�I7�&amp#29;&amp#15;�z&amp#15;=�&amp#5;�3�-�[�C?M���ryQj�8��(����p&amp#31;��������t)ߓ������Ѵf&amp#16;9�v������5"M�q��&amp#27;��hKCi�����a�����&amp#30;&amp#19;g���y�G���ۥ��A��Tu6yS&amp#3;�/��&��9F�&amp#22;��-&amp#6;�.*�&amp#19;���&amp#0;U�U��&�&amp#5;�&amp#15;�|��s����&amp#31;fM�&amp#30;�q��&amp#30;Q�嫢	�w�9�&amp#21;�&amp#4;&amp#8;&amp#12;�p���&amp#28;����&amp#15;ʑA�&amp#1;0Er�l�v���MB�&amp#20;=��~&amp#28;eG��ڐ��&amp#15;,В�^ک�h�+T�S3n4&amp#30;Y&amp#28;%��5(���6��͖{�%�&amp#1;�?!�G�(�&amp#26;G#fW�&amp#28;�{�����%�&�&amp#0;&amp#20;��
إ!�I1&amp#23;�&amp#8;�*2d&������ޕ�3W��R�&amp#11;!��/PѳT��S6(��\��++N&amp#31;� G�t��]9 &�(� Rd*Z�-r!x�h�U2qn,���=&amp#5;�z'�&amp#15;v&amp#3;Ó��(&amp#2;s��� �&amp#21;!�)eY�&amp#17;�yr��&amp#29;w5&amp#20;`�w&amp#17;�+'dPFY&amp#21;�ޅ6&amp#6;r�x����d��*��vTEE�&W�./$�z�%kJ���KXL�&amp#21;��OW�5o���H��&amp#19;�'�_7s�N�]_�^j�~�V&amp#21;.��&amp#26;&amp#26;��*���	�9��Ǐ�}�v�%&amp#24;s���:�'��*��r�L2&amp#14;:$�x��Գd&amp#16;b��&amp#4;����z["�I=�����;X�,P��n&amp#7;5&amp#20;8��B+S�}Z-��kz�o��f�]<($L#8���l<��0d����&amp#21;Q��ʆ����h%���%t�̗�2)��!�m����dƞ&amp#26;J�E]�>��)O�ߗ��v6��цP�Va&amp#27;�hf�~�&amp#29;�&amp#0; ��\&amp#29;w
/��:����ɼ@��]���(��{�Q�tam ��e�&m=&amp#12;1�&amp#12;��Я@�c*iHK&amp#3;:��r?��R����&amp#11;��&amp#11;��q&amp#25;&amp#31;���&amp#17;���Y{6ы̓#��d�&amp#8;�.&amp#2;���S��/pr&amp#20;G���`�Q��&amp#11;�Z}�a��T��%�"��9�˥�&amp#25;�>��+�������Y��q�%&amp#12;+�&amp#26;
8V�`�w&amp#4;�y�����'�&amp#29;HzS�U����3���&amp#21;N���mL)I8&amp#2;[�v�&amp#31;_���p&amp#21;"z��9�od&amp#12;&amp#4;5[_&amp#29;�&amp#26;짳�1�oӨ���X&amp#20;:q&amp#17;�&amp#30;J��Ce�/C��?IN�v�&amp#15;��k����>{i����M�&amp#17;a&amp#26;>F��&amp#4;�#KT0&amp#11;Z&amp#11;�<��z��Ot&amp#19;�O���M�m�VX��#dَn���	I��&amp#18;���A�C&amp#23;�Ib^�	�Ѕ=O��#��ė&amp#17;��sF�&amp#29;ׅ���H�e�&amp#11;ࣳq�9�N�z@SŤH�%��Zڻ{0��x�&amp#29;���<Aa~[�+ �*&amp#2;�y�&amp#7;��j&amp#21;HS&amp#2;�۝!ͭ�&�u0��&amp#0;HD|���&amp#0;�&amp#21;&amp#27;5`���΂�ȣ!*�&amp#8;��?NS+��t�d/�&amp#24;�~ kŰQ=�d�F�&amp#16;�f$��lʤK�&amp#14;�_�6&amp#2;9,�����\��x6��&amp#7;w&amp#5;A�&amp#19;�����%�.;&amp#17;�6�I5&amp#31;��+��-�&amp#7;�N�^�&amp#31;��H&amp#11;r|���+!���Nt�&amp#6;��#� &amp#19;�&amp#0;&amp#11;˵�x&amp#1;b�<��&amp#0;B��)�rN�7��&amp#22;'N�Qw�$w�&amp#21;\�NگVb�+8Is&amp#14;8�5��&amp#4;&amp#26;&amp#12;�&amp#18;�&amp#21;���K	MP��3G����[��t��Cƭk�M�8"��#�&amp#18;��F�8[@���&amp#17;%"���3[	���4��9�?{,͡TY�^C���W�q��fj��+�Tj�&amp#11;�&amp#25;
�Ľ7��ˣR�"�bQ&amp#26;��&amp#21;d&amp#26;u^z_9xO��&amp#11;%�2�7G@�aL�S�&amp#20;挹����p8T�'�|��_E��+�b�E���i�Q.Q���a���&amp#27;%&amp#5;*R>{�U�<Z��zx/{&amp#28;A���A�*�.҉9���ş�3��0&amp#18;�uv4���eԔ�&amp#24;�H�Rp�}q�$&amp#18;e�a�Kq�:&amp#22;�r��>�oZ&amp#11;�C*wH&amp#14;&amp#0;�&amp#18;�C#�<E�&amp#29;�
�$�E�`D�&amp#8;�'�"E"�J�BNH��&amp#25;�?B�H��+}��W�S&amp#24;̰&amp#21;/&amp#30;&9�&amp#26;&amp#19;9�&amp#14;�w:q%a0�7���B�x����W�ᄂł�p�&amp#22;�&amp#27;�LV��	1w7X��W��RI=k-[\�z@&amp#27;�x���&amp#3;Uj&amp#19;&amp#31;�	��z��I�N0&amp#30;Y&amp#31;I�R �=,�+^���թ��ڞ��CTK���OA$�#��#�O��&amp#5;	N�$9;&amp#1;�&amp#1;�W�&amp#14;����+��U��]f�:��_0���&amp#14;�))d�zKd�%���1��xt�4ej@Rz��x~���sn&amp#11;��s&amp#3;�ӴL&amp#7;/���=%�g�7��&amp#11;)� ��&amp#27;��D��&amp#11;?�zY0���F�!%�V*�R&amp#8;��z�c�yLm�J�w��$#�,��B�O1a�b2fs}&amp#24;��|���j+~��&amp#30;v޳��O9�NRu��,YѥU�$H���I�tԩb6$&amp#19;�����W�&amp#1;�&amp#19;��t̺-�#g)	Z��<�ӆH�)�R��Z.xP'�O&amp#7;���2&amp#6;&amp#15;�J�p���!m@&amp#12;&amp#29;�[V&amp#1;)[��:�ŧI�O�&amp#26;�{�x=��w�{��V��/3��&amp#27;�?loE&amp#26;!1
��#��V�)&amp#24;�Ͷ�Aܘ�|�;�y����#]RIR�y���ť$�����]�J����U�O�&amp#25;�O��R&amp#22;d]�&amp#19;_g	�zůg$�2�ͽ��R��0�/TŦ&amp#16;�?@���cfL&amp#12;�r�&amp#17;�������&amp#14;Y&amp#12;�&amp#11;&amp#27;�y�ccؼ�>����H���C�&amp#1;�w&amp#24;�&amp#12;{�z�&amp#18;h��/�~@!'c,W��z+תI�&amp#31;!�lN�&amp#15;�#�
d6�3�&amp#16;.H���&amp#11;B�4&amp#20;|��&amp#8;&amp#24;��+��#��/ad&amp#28;��a�]�&amp#0;94]�&amp#5;[��e16Ԑɣ&amp#18;��	:K&amp#15;�!�٬�
D(��U��&amp#20;��&amp#30;6���Ρfc��v��2&amp#12;�FљLC?Sˍ^�}�&amp#25;d)5U,�]&amp#6;ٜ�B�&amp#28;��&amp#12;&amp#25;&amp#27;u#h�ޣ�%��$�[�}��N�&L�v`W��O3p˩�Ù2Xfk�?�&amp#25;׍R��r��*�S&amp#3;T��2�G&amp#15;>��&amp#18;Iٺ&amp#22;4&amp#26;�T���s�����c�˳
����"���<��X��$ �T����'?J�[�&amp#20;�p&amp#19;�L�6�&amp#29;{�w�:����&amp#25;�K&amp#19;5~��5Y�&amp#29;�Yr��kB�6f&amp#5;&amp#3;<�b�!q�Hn_�eI�n&amp#24;=�*v��o&amp#31;�8�V�}K;����)&amp#15;Y&amp#17;I�]�_��5&amp#30;���V��D�eH8ʮ�+M&amp#8;#K��}��Qu"[&�JsuSR��&amp#5;Х?m~:z&amp#25;�<!�&amp#11;&amp#26;��1�	��ū��_���٤&amp#16;&amp#4;��}_��&amp#29;���&amp#19;vHA��M���I�Iē���d?m#�t�ݶ�W2�&amp#21;&amp#24;�ԕ&amp#20;��1&amp#29;&E�;VL<(q_^����'&amp#23;w�L�&amp#25;?�޴D>s&amp#19;�ۋe}2���E�2�k�]��%�&amp#6;&amp#28;/W>d�%&a;&amp#17;�W>OطW*-��g�{� ��}&amp#15;���&amp#14;X��L��:KҐ��,O|��&amp#11;��&amp#19;lY&amp#4;X&amp#12;�6�&amp#16;��f�&amp#2;�dڽ�&amp#21;Ļ;M�&amp#18;C&amp#8;I�KG$&amp#21;#�j�"I�-YI��&amp#23;"�b�'�&amp#1;&amp#27;�Gt&amp#21;f���*hQ��i�&amp#16;��l�D���A�BX�eE�K�V7��I��b�c�'�&amp#18;���$�&amp#8;9�*���G'�w &amp#27;�&amp#18;$��F&amp#5;rkϑKӧ��]�[��W�,GR�A&amp#4;p &W�&amp#23;-4uk��,Y�N���`��[&amp#18;�&amp#22;��TMUs�-&amp#14;��q�9Bq�Ų4�d�&amp#0;G��&amp#28;��C+Ksn�&amp#29;�FYg&amp#24;\���r�BF�I&amp#20;Z��߀��"�f&amp#28;�57q��&amp#30;S_u&amp#25;a�&��&amp#28;��[(�쮊��{�����&amp#1;�&amp#29;������[o�ߐ�ʡv�i va�R�c�:i�&amp#22;=&amp#7;-�>&ς���nEj�%_��&amp#28;�O�܈|�&amp#8;�Y8'�C��ɟ�M���c���[&amp#17;\�p&amp#19;f�5&amp#27;h&amp#18;v7'j)4N]�������X�%ч����9{8�Ѯ�㎮��&amp#0;Ӎ&amp#3;2+�z&amp#24;�&amp#22;O7Y��KX�&amp#5;&amp#19;o%��B;yu��E^ϓ;&amp#24;G��&amp#29;�Kd�ݪ�&amp#18;��Ԧ7�<��	&amp#8;�ͣ�u4��8�&amp#19;5��	;(N,�^L*8&amp#8;��&amp#0;���o&amp#23;�b�19��a}�	�&amp#17;�%��c~n�$��
3�&amp#15;�r�>��9���|�Io�&amp#26;��{�-��9��4���.x&amp#21;�n�&amp#15;#��5�Y&amp#21;%Z_��&amp#28;ZJ�`:Κ&amp#28;c&amp#4;��>���&amp#4;�&amp#11;)
�&amp#1;1i�����7�O	&amp#4;w�&amp#16;
O���ɰ&amp#4;�Ԩ&amp#23;�}�=�&amp#3;��&amp#23;�&amp#2;&amp#3;$�&amp#22;�p.�\��M{$�&amp#21;�W]�!�>~̻�f�|&amp#23;%��h���]bM&amp#6;�|�B8&amp#25;�&amp#5;��b֤,u�hAc�͜�A�f��&amp#25;)��?ae����uwf��SfJ�V�&amp#20;�nĐV@�}�����Ύ�m������ߢ���]v�gz��j�;�jٶ��&amp#31;)�&amp#5;��A�߫�,L���L�����"7&amp#23;2&amp#5;�&amp#19;/�k������&amp#28;�B.�g&amp#29;3e��j����+Okjc���&amp#17;I��NS&amp#31;��Xɞ��=��g�!&amp#1;���/�&amp#26;��c�{�$0 �43!�����w&amp#5;uck�ί�N=��&amp#0;�}��&amp#2;�����*�t&amp#30;e�m&amp#14;�}&amp#3;�&amp#29;MF��}X�y&amp#4;m�H�&amp#12;��zB���.l�aD�@��na�Rj�b&amp#25;�&amp#26;��E%�f�$w&amp#3;&amp#16;��~&amp#22;�����П�&amp#28;h+�a��F���2!��8&amp#2;ʲVЛ�&amp#19;���&amp#4;�.������Z&amp#31;v&amp#8;�_�z&amp#30;��í:r�=�.��&amp#27;MJ�&amp#26;&amp#28;�oO���&amp#1;tܷ�|����#X&amp#18;�I��/��/���������[��&amp#22;�ln#-�Ď�{�)�&amp#4;)�`�O|����&amp#20;��3.�&���-�&amp#23;ȹB�nB
&amp#18;�sk�+U
�؋V;YZ[���&amp#27;�c�ι�*y&amp#1;�&amp#21;^mIe�&amp#29;m\��B-[En)[j�}$g/�&amp#18;&amp#23;���"�ƚZ�&amp#31;�(���&�7TcG��u��XVy�u�M�&amp#24;&amp#14;�&amp#0;7p��>&amp#6;tHl�ʌ@��&amp#25;�Zy��tf��&amp#21;�w�Ӣ��!muO�]}��x�������?�5���f9��&amp#1;4�^!���h&amp#24;q��=,d&amp#14;� �`&amp#6;s6O'&amp#12;.�ˊ�Q���{D4��0�2��BCV}�a�Uђ����&amp#4;r&amp#11;cB�7*�K���&amp#0;�&amp#29;&amp#7;$�f6&amp#0;&amp#25;���&amp#19;ٜ&amp#30;Q�����8W��&amp#27;���Z3�&amp#30;�&amp#28;G����\ޥ&amp#2;&amp#14;�:���&amp#21;s��@N&amp#30;JZ�&amp#27;�&amp#15;Dkq[�����&amp#17;�t�&amp#25;��*�T��U#^��&amp#16;�+&amp#18;��&amp#27;:��j��9��Vڇ�؋
ѣ��:�N&amp#23;��&amp#11;��Bv�	���&amp#14;Cb�
&amp#24;&amp#23;&amp#3;&amp#8;��K�q"�7m� ��S��~���#��֗Ԛ��8���i�lE��*�&amp#30;�;��šyu�lϔg��Cd�7��a���o�罄I&yvU�K&�u6<C)�
��&amp#6;�Ub&amp#5;(_b&amp#8;*�Yb���]u&amp#28;��-��6��!�jn�|�d_�:&amp#2; ԳD]&amp#31;��&amp#12;�{���w�^��Z�=&amp#22;%mbW6ϵ�V$�&amp#4;�;�&amp#28;���-}�,ѳ`O�h(����l��&amp#6;�Dݣ&amp#29;��N��&amp#8;i`-^5��2q<�ؒ�&amp#3;��fmB<Ŧ&���&amp#21;&amp#19;&amp#15;�&amp#21;���@��=�U;�a�=,tv����j��鿄�ƨ��[�U?�R�Z�܅��|����_���>�C�v0o�(%�#z&amp#7;n���&amp#20;��viL�$\�T��,����^�!H;k.܎��&amp#8;��&amp#4;!潋�]9�����&amp#26;�~�?Q&amp#20;w7�{W�&amp#7;j|��&amp#29;>ڻ&amp#31;�D��~�vm-�}Z&amp#12;�&amp#0;*)��e���\���6���K8�S$a���e�k��]�A6�.)G5&amp#23;�ι�&amp#21;�T��y g)i��l@�;?j�b&amp#7;Fn4(�&amp#18;t&amp#2;�ѓ�&amp#8;6������_&amp#18;�&amp#25;L1�&amp#3;a�`&amp#26;Ԙ�}&amp#24;��B&amp#6;<���Ǡ�8�&amp#29;U1�z�!�&amp#31;���9/;9�tu�Bg���V��c&amp#8;&amp#20;]�f�|j2�Y��	Ί&&amp#27;���&amp#12;).��W��*�&amp#27;� &amp#20;l靄������i�o{&amp#6;�/^L�p${5�=�5&amp#19;�V��[&amp#5;��bH:UC�H�C ��i&amp#12;-���E�����8UկS�>��L���΁߅Q�~&amp#31;�1+9&amp#25;�g�&amp#16;�t��_埆��{s&amp#5;<e��#�b��&amp#19;Sm�3%��{&amp#14;�&amp#16;&amp#8;\:��6D�cz=5S4��
00X&amp#24;&amp#12;�ձ&amp#8;BN�N&�qNQ�.��&amp#29;��ߦ�&g&amp#30;�&amp#12;&amp#15;SG&amp#29;E�_j&amp#20;{rL�&amp#24;�x��o�k&amp#3;S(���Y���a��&amp#20;}&amp#28;w&amp#19;&�d)/���i��&amp#3;��a�\�"˲9��&amp#1;�U��\�H1����&amp#7;�ÓwJ�_ι'������ט�_F��U��~&amp#19;��%�v��>���u&amp#0;N��C蘽#���&amp#28;Ag��9�Ѿ/TFypca��u3�&amp#23;�V�&amp#29;&amp#18;��,m&amp#21;V�EUf�0թ&amp#3;Q��&amp#29;D�Y&amp#21;���t���9 &amp#26;p�At
&amp#23;M^1�8��f
�QI�T�8(٘��&amp#11;R�q9b:&amp#19;���&amp#25;�{��~��sG/�֦&amp#16;5�#�&amp#30;ci�ԓ�fYN�1&amp#26;(�c��
�<ҷԷ�-��m��|��0�k����£.&amp#26;�A���>�l��%אs"݉��&amp#5;]A�/<z�72��'�>zC���k0Θ��90�KCiK�&amp#6;�-�*�8&amp#8;I4yw&amp#25;�/ �&amp#25;D[���p�]\�&amp#0;u��&amp#27;l����eH�"aڍI�M&amp#31;�&amp#24;&amp#17;ȣ�Y��Ve��*�rڎ��S	�h�M��$��r+&amp#14;���$&amp#14;���x���%�눛��Js�S��	^�5,Y&amp#31;8jp�&amp#1;>i�e��y��&��`�&amp#18;_�~>Yu\��-�#&amp#16;�:�Y�%�^��p��o���i�b�Ξ�[��x�r��I&amp#20;��j{kx����{��qoS����3&amp#24;��`4��N��J%�����V&amp#28;e���&amp#25;C=�_�s[\�G/N&amp#18;7J���\��b"�v�
ok�t�&amp#16;����&amp#24;��>�f&&amp#21;������n�8&amp#6;�\�-5n��6����9&amp#14;��v��=UY9l@�X��V2��-V;����,f�&amp#19;&amp#16;���jH#3�%�&amp#26;GD���$��&amp#27;�+�\݋%.&amp#25;1�&amp#0;P�ϣ&amp#20;$�]U&amp#30;&amp#25;mӵ&amp#17;�M4&amp#8;&amp#21;Y^coR6=&amp#21;��Vl�ߥ5&amp#11;���Ͻ��X�&amp#21;���ds�{Y�#n�n@�6�V\�@ۆ;϶�%켥�aS�&amp#6;���i&amp#28;�F�e&amp#3;�25&amp#29;IdD� ���5�	���l&amp#0;�5�� �`jE�&amp#27;����u��&amp#8;�}��4M�)٨&amp#6;�ZŗW&amp#22;&amp#19;ʛ|=Ū�Tw&amp#11;;믭]���&amp#7;��69�q�;���4��&amp#19;�^w�Վ(p�=؍94���&amp#26;�1�{&amp#31;;&9T�X�@�"&amp#2;[9�0h��dT:�'D��e&amp#2;O��@���~p�&amp#19;���&amp#20;�֤�`���Lӵ&amp#28;����)ɕ艥7S�&amp#7;�/zڰ��>I&amp#24;���9ǳK0MdL���i�S��09�Zѓ�%&amp#20;��Mh�]�}�r��n>3�
UΛW�Y&amp#21;fgV<2�E�?�&amp#19;M��k&amp#3;^�'�k���揧�%%*ۢ,f&amp#17;n�7��0���;sLQ�T
D�"�?S�z��pv�<�h�v�ɢ�A%�&amp#2;�d塈�m��l�]���p��ר���>����]&amp#15;F=��y\��/+�>	�1��#��+!V���&amp#25;�O��yjOʐO�1=*���yD�ǟF�~&amp#30;�&amp#12;1&amp#22;<꩓&amp#12;&amp#22;���3�U�N�'��p�Q "��*@&amp#17;IML�%�|��3�$��\&amp#15;iӈ^����߾ݱ$"��&amp#31;�c�&amp#21;�5��߉ȱ�ɫQ�x]a(�=f	;*��}g���Rs&amp#18;�&amp#23;�&amp#29;�>m�F&amp#24;�E?糱&amp#23;�Z�f&amp#27;K��{B��]��*�Nx���q'&amp#4;G�2&amp#25;�ޡ��X����ЏTV&amp#12;/C��}�����&amp#29;&amp#22;t��k��1�#���V�U'�&amp#14;	^r7�&amp#4;f��Ea>#�{��Z͂�&amp#19;1&amp#19;�![wM�&amp#12;Z���5ݘ��F� H��&amp#18;{[�NP�z��Z���.���H����&amp#11;��Z&amp#3;� n��ѩ&amp#16;f&amp#26;NU�PQƎ&amp#28;X&amp#12;F�`2T��v�+\Zϻ�&amp#2;w\���&amp#18;�u�~Z!�z����șS��&amp#2;��&amp#21;k&amp#21;����1wK�ڷ�&amp#22;��W?t&amp#31;&amp#11;ڵ�ne����k&amp#19;�K@� ���&amp#0;0B&amp#2;$p�v���!��L"E&amp#19;h�H��c�˃��&amp#2;K�U�Y�ܝ�q�G�fU�����Sk�����
f��R�d�W�;p��4��*�$���&amp#16;�(&amp#3;�v&amp#11;�A&amp#6;�ĐS�%E5�v+�&!g�&amp#31;5&amp#3;��K6��00���tuCT��~&amp#11;&amp#7;&amp#6;�&amp#15;<�gx�J��ܶ	A�qz�U%�J&amp#21;�J��[c��5U��+&amp#3;}&amp#8;E�.�_!�"&amp#6;&/S��F�Z딬YB=6-�jP6��5��>��b����:87plI�&amp#5;dF��6(΁n�{΄�/��&amp#1;��&amp#8;��Z�&amp#1;��M&amp#4;F�/�R�Ur�4&amp#30;خ�E^����&amp#29;���!�e'L��d&amp#14;!L��\�C��]�v&amp#21;��&amp#27;���s�k����v�#�Ý�b&��)��&amp#14;��&amp#26;M3��&amp#29;��]���&΃&amp#18;�
��G��+1&amp#26;�T���&amp#30;1-���I�&amp#19;J������GYq&amp#23;&amp#19;dM̼%�&amp#19;���VJMXֻL��P��&amp#22;!L磦j&amp#8;}�V���Z3:�&amp#6;��^�&amp#11;iQ���K&amp#23;&�c&amp#7;jt}����ؼ
z>�ĉ&amp#30;�&amp#7;"IwH&amp#15;�eM&amp#27;w�I`��qnT�7��&amp#24;&amp#25;&amp#19;&amp#29;���&amp#31;&amp#3;.��&amp#19;&amp#12;��B��&amp#17;I&amp#16;�����+���&amp#18;��{�{��뮚�&amp#21;����;#�0��Ȯ}�|,��d�K����:��&amp#31;B�&amp#25;Is���S&amp#1;�&amp#17;�!eT��U�O&amp#5;6��&amp#27;�&amp#2;i&�&amp#16;��MA�F&amp#1;��am&amp#18;&amp#27;�qS;&amp#28;���&amp#12;r\	�c*���I�&amp#5;�dqY&amp#16;+c�5��Y���&amp#1;�3��ͳ�SE6��G�LX�?p5�B�m|j��̔��+�2�:Ƽ��[�)&amp#28;���x��a�F[&amp#11;��M����_��&amp#31;�2��E�
ъ&amp#22;KI�91��b�F��2��8oO�&amp#2;N�!��&amp#17;��^DeRu��@&amp#14;)�!<x&amp#22;m�&amp#3;x�<[���&amp#11;Y��&amp#19;ƃ�y�&amp#22;cs�&amp#5;��)�Qi_�&amp#20;�&amp#23;��w;g�&amp#18;��m�&amp#2;P(�K��&amp#5;�&amp#31;�&amp#17;5&amp#17;&amp#25;i-&amp#5;=&amp#3;�,��I&amp#7;,@�J&amp#1;ԝ�LQ̡n�2�eש9�iS&amp#0;z.H�ťkk��i5�&amp#17;Y��X�&amp#5;�H@Y&amp#19;X�U�&amp#30;�P�u&҇&amp#18;$�h,&amp#2;��k6�� ĶY��hQ���J^�Y����V;qr�4�ˮ~�G&amp#25;��&amp#8;s0�h&amp#16;�L�&amp#20;�>3��]�&amp#27;��ߕM	&amp#29;y��*��&amp#5;�W�C�&amp#4;Ns�&amp#31;�:��P|�"�Z_�R^��&amp#30;����	��/&amp#19;m�|q�.��@@�f�*D�1&amp#15;c�,90&amp#23;%�U�E_&amp#7;�&amp#24;I�Ʋ�$G�&amp#5;���&amp#3;๵j�P��H�r�c��.&amp#22;a�ل"Մ�u%8j�v�A�M=�_OR���&amp#20;,r�&amp#12;*���TCL��	&amp#12;&amp#25;�+s�*I��`��&amp#8;�-������4��&amp#22;��366�xص�:��w_�r�jO[%ʘ��&amp#26;ާ�ͤ&amp#17;��8�Y�Hw�f�,�&amp#1;M&amp#3;�@/
�T+t��"��U�&amp#24;�e�q��&amp#6;�&amp#1;=,�ǚo�0&amp#27;&amp#22;cj�5��X�ޙ���m� L&o��c�s�&amp#24;�8�L&amp#28;Ot ���x�W&amp#5;�t��5�W��&amp#21;�+&amp#31;�h/&amp#6;k}�"�$��6ui&amp#6;&amp#23;�B�UC�KH��9&amp#22;�Q'Wos��X�r�$b�ڭ�,eF��&amp#29;d&amp#24;&amp#24;&amp#1;c�5%�R��;&amp#2;&amp#11;i�E�,�:��&amp#31;&amp#28;d2&amp#25;x�&amp#19;&amp#11;0Y�&amp#20;$ZM&amp#6;���܂�irz�qu#�	&amp#30;/L�&amp#8;L�)4�Vs��qO\�Ҏ����t�&amp#0;��'��Gj�Ϭ��29�6���7[�"2؅��7�O1;:AV�Y&amp#12;� 0�M��O�k�z''n{I�M#�]&amp#0;��0/�n���O]���
#�x����=Y���˝F&amp#27;r%ac־���&amp#14;Y�����(�SY�t��e�x&amp#7;H�C"�&amp#7;!��{b�ˁ�V�db$&amp#1;����5+� \Z���U���&amp#24;T�&amp#4;^#&amp#17;�)R;��'a@��1�&amp#6;&amp#29;2�!L�=&amp#17;%��,�<&amp#19;[T`'^��&A7j��A&amp#21;��c��kn�&amp#25;�젝�&amp#19;�1�=Fϗ����^X1Y�)w5\=&amp#22;���P�aa�BN4^`�ES�&amp#14;I���&amp#8;&amp#0;&amp#28;J9�f�[&amp#23;�u�&amp#29;1�ͦ���8�.��4��&amp#29;���2t����z��V���&amp#29;�e;�d����&amp#18;&amp#29;&amp#31;���'W/($�gk��&amp#2;&amp#0;�_VZ_7~��]Um2�sךtޮ���{[���~gw��S�)���Y&amp#23;���w&&amp#8;i&amp#18;b3�:�� ���2q�KĤ�"�TLbb&amp#18;צ�{��asV�kj&amp#17;&amp#18;�9f5�J�Ɍ&amp#19;*k�"h�Ҍ��,&amp#26;�NT5��[�&amp#2;O��Ȁ���&amp#12;&amp#3;�;O���&amp#3;��&amp#19;�&amp#12;u��5&amp#3;uf�&amp#0;,�&amp#29;�u&amp#31;cs&amp#7;�~/&amp#15;�����&amp#0;��0������5���+;&amp#27;���li&amp#3;mV~���DjX&amp#17;���-N^%��g���&amp#24;t&amp#20;eSfA-&amp#28;�Q��G��z�ka�(�wV���+&amp#31;�� :�v�ְ�������&amp#0;��wi7��&amp#14;��G�2���&amp#8;��\%+q���nm�.~��&amp#24; ;v"<8>��&amp#7;~&amp#0;o&amp#23;�\ 8e�a�8|���&amp#28;����&amp#23;���6a��^�`.	I�S&amp#22;U��Ps&amp#0;&amp#25;�&amp#15;��,�&amp#25;&amp#5;&amp#18;���T�b�-'�䛋�<&amp#16;C��ʩ5�ߴ&amp#23;@
�:OU��:&amp#23;&amp#25;B�?&amp#14;!�(j&amp#0;<ĴdLD�>&amp#28;;&amp#0;�&amp#0;�&amp#16;��O^M�ݵ=�XfF��.��՟�"}&amp#16;6&amp#15;&amp#5;�'&amp#5;P��Ü�۹��U�6Q��0K��JB&amp#28;x�l�&amp#23;4��t�&Ɋ�yž�|����N��&amp#14;[�&amp#15;/�c��=����z[�&amp#20;e[~��"-/���&amp#3;�*7�y�h&amp#28;��V�;��&amp#22;�t���$b����T�� c!n&amp#8;�c��&amp#30;��#	չP\�&amp#25;��&amp#23;&amp#21;��r>Z�#|&amp#28;�r"�	&amp#27;�J�����g_�"�������QI3ɐ&amp#26;&amp#31;ka��F�7&amp#20;���x�-&amp#30;��ҷ&amp#23;Ⱦ�:4I=&amp#12;�ӏ��p&amp#23;��|�}���&amp#0;?
���N�؝�o'{�: 7F.�'��A&amp#8;���&amp#19;�|�� �E�=!�2����&amp#6;����F�&amp#3;>7`p�t&amp#16;�&amp#28;.�&amp#23;&amp#24;&amp#29;&amp#21;�&amp#26;�.Л�����_�|�o?��G�%=&amp#3;B��&amp#17;�4�&amp#17;E=t��V�ta`��O"�c��ϔ��ϫ3 @'��8`�s�S��Յ�&amp#18;�q&amp#1;��t\ک�&amp#17;7�CP~��H��W��&amp#25;&amp#23;�&amp#11;&amp#2;��&amp#25;R#&amp#27;�f�5[
놫1�r&amp#11;�՝�#�&amp#14;�yq�I<��&amp#23;����j&amp#14;��&amp#11;Es��I�n�:ͭo&amp#7;�W�&amp#18;��칝���$lV[&amp#17;(���(�|�&amp#18;�&amp#6;*&amp#2;�&amp#2;*Q2rؿiY&amp#21;��&amp#21;�,u�0��&amp#18;BA�&amp#27;&amp#0;��-���%�&amp#3;ǳ�&amp#29;ą>�&amp#11;&amp#20;߸JgR�lI��&amp#6;���c�W�$+�r5�*}&amp#5;����&amp#22;�$&amp#11;&amp#1;��8�kK>%HY�&amp#19;�:ޡd^�#���'xM�[r�=�&amp#6;�S&amp#22;����,(��-
H�Ȧl+6��ȩ���)&amp#2;��S��O'1��K�S8�黢�&amp#7;�M�V�4�^��&amp#11;ia4�&amp#20;�&amp#29;�|�&amp#3;s�&�׽�c�&amp#19;�1g>�&amp#19;�&amp#18;tG)<��a����.��6&amp#5;m����&amp#0;�0�%&amp#17;i�]&amp#18;��7����&amp#30;��Q�I�K�|߭8-�&amp#29;&amp#11;��u�����FY7�&amp#26;LZ�Q��^��&amp#15;&amp#18;&amp#0;Ab�����^j�J)&amp#2;0J{&amp#25;�_�+��='�sfM�S���'M�7�qLu'9k��n�>�{&amp#30;usQS~�&amp#31;&amp#21;�3+<ޭs�e��&amp#15;��&amp#22;���:&amp#8;j�<�8s�Ls��
Q��3&amp#31;>׹��7�a���f|s��fY_�
��&amp#25;&amp#29;wx��&amp#29;h�w��z�ݦUfAgy����r�uU�Xۢ$[&amp#23;�n�w�&amp#11;Gч�@���K0|�*^�LZ�����i&amp#23;���ʦ�&amp#19;���V7�>��RrÙ��&amp#8;&amp#2;�&amp#4;�8�V���[�J�P9��P�l��vKB4�&amp#28;,�&amp#4;�6�Gm��G%&amp#20;����&amp#3;T_��a����&amp#0;A���{��O�z#Ϟh&amp#21;h@-�u)c��j��D*���k�U�`׀"Z�2J�1�1��oD���ھ��H��yz���գ�tu0��1�u�gTr�&amp#1;mD�1"�/�׷:Oz�����o�U&amp#19;.�C&amp#18;�<P�:�*�&amp#23;u��D&amp#19;Btw<�*zp$�o�k"kWڜCn�z�A�`<���K3Y]	d���I�����'�'�,6^ч��K����
�Wu?�<�Ӣ)����V]�:{���x�&amp#5;&amp#24;�L�*�43�)&amp#18;�H#�&amp#25;	�R}̩�*�D��Ր�+Gv �k&amp#23;�[��(�5�&��t�&amp#7;�_4�-*���^:�U��4�	�#&amp#5;V
�&amp#29;�&amp#18;#2&amp#16;�i7�'��B��3&amp#14;�羕�&amp#22;p&
�2����=�&amp#26;&amp#31;V�N#&amp#22;�ʸ��-�&amp#6;>�Ak;*+h&amp#28;RC��3�-���Q\<��A_�&amp#22;�t�$�3Jj}k.��&amp#21;��5��búg&amp#30;���z&amp#6;u�d&amp#25;7�O&amp#6;�1"@�&amp#31;�F�V���d7����Q1�$�&amp#11;<�m[̇�D�&amp#27;#Ϊ��G�&amp#6;�&amp#18;ͺ6Ŭ�m4����2�QO&amp#27;­&amp#0;g&o�&amp#31;zM�s&amp#22;�&amp#4;t�n��׊�>ܴ�� &amp#5;�s̠K|��Oi�����X�$&amp#26;�o�f�������;G�����&amp#28;WѼL�$&amp#2;)��l�zE�����&amp#14;�uE"@�nK���&amp#8;9�凣�<�d�&amp#18;���U��a�ewN���&amp#22;&amp#27;UūNZ�AZ���&amp#26;&amp#30;6&amp#8;�/RM&amp#26;��:�t"ʜ&amp#18;}F�&amp#24;ݑ&amp#28;B���T&amp#5;�)�\&amp#12;�(�]&amp#6;����&amp#1;�&amp#23;�&amp#12;t"i]&amp#20;��?�]����LD����c��ez�&amp#31;$�>��/i���&amp#0;�|9���}&amp#29;љ&amp#3;�7� �M��&amp#19;�<�c�MN�tē�&amp#21;{��a5W&amp#17;��&amp#16;<�]&amp#28;�'�"E���}�&amp#8;���H���|��&amp#28;���=�_M�����&��$)&amp#12;�t&amp#28;!^���_�'&amp#1;��U���O��&amp#24;��*ط&amp#14;��z:�M���5&amp#25;&amp#3;���t�@�K�5�]~SM�'.&amp#23;n$�Ɛq!��1�t���&amp#28;1&amp#22;�LtU�G��&amp#6;��M��ܥL�W$��&amp#29;D���륣�ka&amp#1;�&amp#5;�&amp#8;o P���'&amp#27;Վ.A��.-5�4�[�.�D�&amp#17;y׉&amp#5;����&amp#30;�H�/$���&amp#24;�dY���I&amp#6;�k�ܫm�$c�}�I��&amp#29;H�)�+&amp#5;&amp#21;�&amp#8;\�x�#�8�Vma&amp#4;���F���&amp#24;\�&amp#1;�J�vM5&amp#24;���ĤQ��J���3&amp#30;]�P&amp#30;S��&amp#0;z��oB&amp#11;��&amp#22;@&amp#3;�&amp#26;Y(�
�kn̫&amp#11;&amp#2;%tS�MX����6&amp#30;�D�ě�&amp#28;^6"��v�=�V�y&amp#22;��&amp#26;%g���Fק�&amp#6;�/Y�&amp#16;��&amp#26;&amp#28;\�NF�l&amp#22;z&amp#31;C0
�&amp#21;&amp#26;P;�ZvN}�&amp#27;��r��Ғn\����Z,��� 'X�&amp#21;u�R�������������/�N���~�&amp#20;���0��º���\9��o�&amp#31;x��}ƈ?@&amp#15;�A�$�e&amp#24;�&amp#5;}&amp#6;��&amp#21;{���i&amp#2;Y��k�=Q��C,L��m�p�&amp#25;&amp#6;&amp#26;?&amp#3;2!������&amp#0;��u��4_�����&amp#23;�3bA
�!h���,j�a$���w����I�g�ǥ&amp#29;J���*QVc�J�&amp#3;"��R͘�'�ׄR�&amp#27;Z�J�Y�&amp#26;&amp#7;%�&amp#23;҈B�x&amp#17;&amp#4;<��)&amp#17;�K3=j_��AuZB/d�f�&amp#23;�&amp#16;䞣��&amp#11;%���&amp#0;�F64ө&amp#21;s���w$�O�/&amp#27;����J��&amp#27;�u&amp#16;� -/\>]�sՊ�/&amp#15;@�^�9 �&amp#0;��Mt�&amp#24;ė�fj,�F	}\&amp#20;�ͧ�2��)�4����&amp#30;&amp#17;��zDhM�H�Ԟ8Ed�=Cu��黥]�&amp#21;]9vP�2�H�>7�­>��T{���V2z�[���s&amp#21;'�H��h�=0�_-��&amp#12;�GU&amp#29;���ZP�|f��(`�R٬Fp��&amp#21;jVi�6R���΋�kk2�<r�&amp#0;>_��&amp#6;��E&amp#20;��VۥmV&amp#22;���0&amp#21;ٯDelN\F����PG&amp#24;�&amp#3;T&amp#1;&amp#20;Gz���&amp#15;�#&L&amp#12;62&amp#22;f�&amp#5;�7?C�(�ǝ,hO�?���O颂�y7'k��߉�QTo��Ӭj�9��Zm�fkȝ&amp#12;�Z&amp#15;F&amp#12;�&��AR�&���+�&amp#16;ޘט��Z0&amp#20;&amp#31;�,Ud"��Ǉ�s�d��&amp#16;��)���v����&amp#7;�����NV����n����f�&amp#29;{�]&amp#27;��&amp#4;`�kޅ�:f-�&amp#26;$7V�i~/�J���c&amp#22;�&amp#30;��!�&amp#20;��Gu1�	�C&amp#28;�Ʈ,,�$&amp#14;Z��&amp#17;��&amp#25;�&amp#26;�9&amp#16;w�&amp#25;&amp#6;�a&amp#6;&amp#3;C#
t;U?^�&amp#31;B�G
l�L�$Qu��X��&amp#23;&amp#23;�F&amp#24;6v�k��֝&amp#22;�&amp#8;���k&amp#26;	d�&amp#16;U��_�a�&amp#12;�7Bkk&amp#18;�`qw�&amp#31;GIwƶ�|!&amp#8;�ZTv&amp#6;|S:z&amp#0;�e��;�&amp#2;�G&amp#22;���M�z	9��Z�}&amp#17;/4Ug&amp#23;�w&amp#14;&amp#28;q�Ln+/��IU�L���v~�u�
���k��ͭ��c���~���&amp#4;�Y��#����U�&amp#30;&amp#4;�&amp#14;�i�%�8
��&amp#1;˛(���3=�@r齏��&amp#29;�'�\�Z&amp#22;��*sI8İ&amp#1;�&amp#12;�dF&amp#17;��]&amp#7;&amp#4;��I��湲����yC�9&�*���0�K&amp#30;��&amp#29;Y}wa���z&N#7^¶j�z��#=!ç#�}y&amp#2;�6pʂ��a��]���,&amp#29;���pmG�5O�7�-0Vj�՚���"&amp#7;�_&amp#24;N�t�&amp#0;E��w��&amp#11;p�E��9��=&amp#16;6�rǶ&amp#31;C��YmD�Ö�&amp#6;<�d��%�_�]�k!,�&amp#18;���׀e&amp#1;&amp#4;�0�&��x+�x:�I�����Z��&amp#6;&amp#1;����=���&amp#20;�&��$Bjbr&amp#0;Ӛ�1C��<�1�(l�]X�1wS�dN�&amp#19;&amp#3;&amp#3;WUa��,s4s�&amp#4;Rdj�
��/�����o��&amp#17;;�&amp#24;!�5���M��wu'%ue+v��R��ֱ�+L�&amp#26;&amp#2;)=��vxv��=�ڼ&amp#2;H
A÷l���6x��˯���21ƊƢ�j2R&amp#26;p4�zG�M�*�5�&amp#0;���Gl:N�&amp#31;c.�j�m&amp#21;�|ܖU�^َ��mhՠq���&amp#19;�|��7&amp#8;i�@��,e���%{ky�&amp#5;}�:�o;t�?	�&amp#23;�8������?���5��P��J&amp#7;�(�]S&amp#23;�3��^\�^��-��v�D%&amp#30;��[vmiӸ&amp#26;n��&amp#29;���(�_F맖��B���P&LqF&amp#6;��N�&amp#25;_UI&amp#14;`6&amp#4;!�r� �w&amp#26;1�	46Me[�`3v՝�&�Rӑ�3hR&amp#26;�����&amp#4;޲�&amp#12;���\�&amp#0;�<�&amp#22;���&amp#25;I�O#�i+&amp#24;Nd��7�zG[&amp#5;8���&amp#2;��Y�&amp#2;s���)&amp#17;�t9c&�(�]{���_�>��?%���PJ��caH��(L-���&amp#29;��g���:�$�s5z&amp#1;j4*kt<��l�Ƿ	��J�.�&amp#8;�&amp#8;��z�T�/Mm�/�v�%��뿁s_&amp#20;�Y&amp#5;3���	&amp#14;>$�찌�c�m��	.���]&amp#20;�&amp#29;Ok��bs�K�&amp#14;;d&amp#4;	��M�&amp#15;&@W��?����C	���&amp#5;[&amp#15;�D]&amp#0;8��.��x��1�&amp#6;�Z��F����/�NT�&amp#26;�ٮ���(}�
+&amp#3;7!�\n�ӎ�&amp#25;bR��l���6{J�ȯ�",&amp#11;&amp#5;5au%�S\pS�&amp#22;4Y�b��EW2�&�Y��㮠�1�8j��.�-3�ڸ-z��z��&amp#23;&amp#29;B"
��&amp#11;;����N1�d&amp#6;`&amp#16;�&amp#17;�電[���)�
V�&amp#23;C����L������k�&amp#28;�ԞSFF�8&amp#16;��e&amp#0;KI&amp#24;(�y�x3�x3mz��D=fgZ��	�&amp#22;&amp#19;}i3�l�㛉ȡ�%&amp#19;�}e�Z�9"�ހ�<f��QM&amp#21;/:��b�S�������*]&amp#8;�&amp#28;&amp#11;�!R�ҳ��&amp#16;$&amp#31;/����v���;�ŭܖeqi&amp#12;&amp#20;w v�&amp#28;д0�b&amp#6;ũl��-��q&amp#6;/*jU&amp#18;��&amp#8;y&amp#7;*3_�}&amp#2;��Ŕ��^Pu~&amp#5;�g�J�W�;��&amp#24;���17�����'�?�&amp#24;�&amp#31;.�l� �]j��&amp#4;�y�#sҌ{(�NzT[��ߠ"��l�Ƴ��Fz&amp#4;�&amp#15;;�l&amp#3;��Tu[n�r��&������ͩn�}&amp#21;Y�k�\�&amp#5;&amp#4;���&amp#4;3�&amp#4;@�U��`5&amp#22;��:q��GLs�B&amp#5;`W�&amp#30;�&amp#25;�9^(��2&amp#20;x&amp#26;j��j�3&amp#7;�&amp#2;��Ѣ�ku�&amp#28;09���y<q��E�q&amp#18;��7��&amp#16;&amp#28;�&amp#7;4��^��R��`&amp#22;j�k][5�&amp#22;�&amp#7;&amp#0;���*��&amp#14;աd�Xs��.��iWvY&amp#16;B�� qXtre&amp#24;f�:�ة�&amp#12;!7+&amp#19;�.e�$&amp#25;��&amp#24;����&amp#12;��&amp#0;&amp#3;J�S!��&amp#29;�&W��Z����j�ݨ�F&amp#30;G���&amp#17;�͖�"&amp#12;�b#*�)��_�����*WT&amp#23;BQ&amp#3;j5-��>?�}&amp#14;�^&amp#5;�&amp#31;4��
N��&amp#26;iV&amp#4;qk�=  |3�-j&amp#23;b����¿96R���tW�~��'�&amp#8;�=����&amp#18;�W&��s��HM5�T��c� �S�������_���C�<d�	[!ɏ(�⹴kQ&amp#21;&amp#30;�厘X��pҗUW���9&amp#12;G�&amp#24;�$&amp#22;l[΍�	�&amp#3;�&amp#11;&amp#28;Q����
�K��ܘ$�`l	{���1?	��"iM��?2ź&amp#22;'���턠g��#'#&amp#30;��<轎���C&amp#17;X��*��1~�&amp#20;=�&amp#28;�Ð&amp#14;#$|ޙ�1�r�wm�&amp#30;�͇�r+}&amp#27;�	�1(qD�ҋ���r&amp#24;D�&amp#20;^`&amp#11;+�\^�:2J7&amp#2;��J&amp#28;���C9�̢����5&amp#5;��YZ5���A�uN�aa\ &amp#0;�&amp#6;�3g֖&amp#29;b�Ǝ��_&amp#20;�B�M�fC&amp#30;�#yy�Y�&amp#23;H�)�\��&amp#22;�F�uM��u�Kv�����ի�.�3N�.�i��aGN�VU8�KXQ�BU&amp#24;�@�gQ�z���J���Y�&amp#11;	~�&amp#25;0k6թ�«mtg��&amp#17;�&amp#0;Eh�P�uƷ*��&amp#6;����kE&amp#26;~䨤`0�PXJF���9&amp#8;�FHS�W^{{Q�������VQ�Q��"6�-&amp#31;y/Q�]���Â�ʧ�kz��&amp#18;ln�z��&amp#4;��^{��g�&amp#29;V��-%��"�rRWy��8&amp#5;|&amp#22;&amp#6;yb��)�EW	=h�H@��<5[:k~p4�G)@�opqY���@e�&amp#8;����&amp#17;���H�꫆��t��+�7�&amp#23;}s�D�H7"�7!&amp#5;�[�� &amp#11;�d��)�f�7&amp#29;��h&amp#5;�Ex5rn��/�@g΂Ж�ʸ�5A-j�#҂l�U�Nթ���&amp#14;�L�~&amp#11;�����hn�:�O&amp#31;�U��Yl�&amp#26;N&amp#6;*�&amp#27;&amp#25;�mף�H$|̏۝���&amp#0;3��K[�2�g&amp#23;&amp#17;c+X_-��&amp#11;T�,�7�&amp#6;m7�&amp#20;}�T&amp#14; D��hS,�OHleH>�xXd�ǅmh=���+.�&amp#25;�e&amp#28;,�&amp#7;&amp#20;&amp#31;A&amp#0;
t&amp#4;����w_d�'�H\2y&amp#26;mp��H��*�bIT&amp#26;�jɺg��jc�-�f��<½�@�4���}&amp#12;d���c�7��<�/�l�	�LԢ�.&amp#0;�`��n&amp#15;	C&amp#26;&amp#22;&amp#31;&amp#18;��~�&amp#30;�G�E�E&amp#6;%�`�����v!&amp#0;�&amp#0;�S&amp#12;4��7�=�p�w+�ڠ��BPk�
g��V{&amp#24;�;v�����;���u<�ღшS��CF�����&amp#31;S~�O&amp#11;w�!�0&amp#27;F&amp#24;&amp#24;����!*4�N�!˝[�z�S&amp#2;̄��R_&amp#11;�.&amp#25;e�S[k����4&amp#30;&amp#29;9��Ӈ�&amp#16;�*���&amp#30;Pr����"�(�,��:4s,�&amp#4;��;>&amp#14;@�6�6X����ޛ&amp#25;�Y�	���-�]/��9&amp#7;�� .r}:�����&amp#0;�;���'td�GsGb��&amp#20;&amp#16;&amp#14;U�d�&amp#29;}<d6�&amp#17;�&amp#29;B��:*��܄�*b��&amp#31;����&amp#31;��?��㽘h�6'&amp#1;��2&amp#19;��&amp#14;�}"혤-'�&amp#16;�N�s&amp#22;��&amp#22;��.r5���&amp#0;�yo�VL�&amp#31;����u�Ƶ�]r&amp#31;KQ^��&amp#21;e7�&amp#5;���&amp#8;L���7&amp#27;�z$����ǫ73�&amp#18;&amp#2;|f���S%�&amp#27;V[5��+�I,ެ
&amp#29;@�Oǆ&amp#6;��/׻�U��F�!�-&amp#4;L>ʅ�U��M&amp#27;�&amp#4;,�&amp#4;^��xE�pZ���g&amp#0;}&amp#12;=&amp#12;�r&amp#5;&amp#29;2&amp#8;&amp#14;�&amp#12;�$�&amp#17;$i'R&amp#28;&amp#4;�G2�&amp#15;d�/Ύ�Z�+ֵ�W$���B&amp#25;%ա8�&amp#8;�&amp#6;*.j*K&amp#18;J6&amp#27;zf�`�&amp#29;&amp#8;%&amp#25;"&amp#6;�k��&amp#17;�EC���&amp#11;�����R��kh��
�?�r �h���Әܮ6AI�z.������Ue&amp#16;����7&amp#21;�=-�߿?��&amp#16;��RG&amp#23;&amp#5;�h����|��H�f�q̝1Ώ��&amp#21;+g��"l&amp#22;HE��=k;\�Lް�&amp#7;!��h�~-�0��'6&amp#26;��2���v�Orw`�	#�ȓND��R�)n?&amp#28;d�T�&amp#21;�R&amp#8;��Ǧ�&amp#23;��G�z&amp#17;���Q�X�<�&amp#16;��{f���i�h�w&amp#21;2�&amp#25;s���=+�&amp#30;���&amp#21;�!��t3`T��TgjF��&amp#14;'�&amp#19;jo���&amp#14;&amp#17;r�?a e&amp#24;�CM0&amp#11;�H��J:&amp#16;�JX��q	&amp#18;��E�=�&amp#24;.�xn'�i������[c^���&amp#26;�wo����^]�*��!^�a9f�%�&y�nJHԅizL&amp#20;�&amp#23;&amp#19;&amp#14;+y&amp#12;_E4���&amp#8;�i�_c&amp#12;�W�&amp#12;&amp#26;K&amp#15;��hx�0a�&amp#16;&amp#24;�1U��-ײg���hKگz>&amp#5;#&amp#31;F"g&amp#29;�&amp#17;���{�F}PY�%jJ�&amp#18;��J/"&amp#6;�!Q��W;D&amp#19;W sՔ�+b��A�l��u��^��&amp#17;�&amp#22;�\n+д�a&amp#22;�z&amp#26;,"J�&amp#21;�&amp#7;O��)���&amp#0;�������u&amp#24;�m�H�&amp#19;&amp#7;��&amp#23;�ִ&amp#6;i`&amp#26;��c���	�&amp#1;���\{���h�e��/��X&amp#31;6�&amp#19;Ӛ9AS�0�|�H�tr�t2@/�ޤ�\�'Fb9�!��*�,ZX&amp#3;�e�M��&amp#27;��7�&amp#26;��&amp#28;���&amp#12;&amp#14;"@&amp#29;���&amp#1;��eS��F�1&�,��Ɣ�;v��Fur�)��Y�����9�{����c&amp#12;q�m�&amp#3;p�csc%&amp#0;���O�р&amp#25;�:/\�&amp#1;D^{�Z�GTV�g��3��,�M��̶ꛫ040�:2ԡE��g+ud���6��&amp#5;r=�Y�%d�g׭
��q��ȇ?�=V�&amp#28;�&amp#19;I�_&amp#11;4&amp#0;A���l�8o���gz���&amp#0;#��=J.7&amp#25;N!��&amp#28;_�`�ᯂ{&amp#31;+&amp#24;�쮽w�|H���v��/h���&amp#25;j��&amp#8;;IJ�{��&amp#21;�&amp#22;���I�5dF�f��������L�b"�kKZ^�{r�&amp#23;7;Cz��&amp#28;s(	�%;�J�3�n��&amp#18;R&amp#7;&amp#27;�&amp#24;^�?��q��D��>&amp#2;&amp#21;>&amp#1;z�� �$�HoϮ��f�&amp#4;e?"�ѵ�F�¥F�ZX���+�YT��d����&amp#17;�'8��۵�!���&amp#19;���&amp#24;���+v&amp#7;1�xF�G�vdU�B�I]*V3�ҵF�ä���&amp#19;�&amp#19;�e$��2^Vu�h��%ۓX��&amp#30;�a.�n��ˉ�L(W�;EkԬ���&amp#25;&amp#31;�žW�&amp#26;\������[B	i+&amp#31;&amp#25;��66��vy���Y�ܟ&amp#25;��F�MKO7u�uq[\�oҶH��P��6x#<v܍�ɽnXf�.OP�&amp#27;��jr�i�&amp#20;ї���_M��>��L&amp#6;ìg^B�5d�t ,<�53וm�+��f����&amp#27;�D�V���'��&amp#4;���w�f�O���&amp#28;�,��Щ.ȉ+&amp#7;&amp#25;Z���D4�)u+&amp#12;e&amp#24;]�J]X{��.&amp#17;g�vȀ�&amp#24;�L���фɡ��?&amp#4;}B5p�jQ����&amp#21;�u[��y�&amp#11;)&amp#31;0��ċt�&amp#26;��rFR&amp#22;FH�&amp#0;��&amp#12;�מ��'�&amp#24;_.��ع��8?�ԙU��G�-4��x&amp#22;�&amp#21;s��a&amp#15;��^��ȷ���~fzn&amp#26;O���U���Z���J�<ײ�FS�{}��/��_��>��&amp#0;��gB�Q�5b�!&amp#5;�g:��BC�]e6N�+�K��0N&amp#28;���}Q=eYG8X&amp#28;�Ԇ��J�K�όͩC1c�&amp#7;�������&amp#24;yk4`&amp#5;}!�s&amp#28;$��V&amp#11; '&�j&amp#12;Z\�a�Z:kT�&amp#18;�5�4zp"&amp#23;���O�;&amp#7;r�솤O\]/�)&amp#5;��.9��GH{�؏��NTB'�t��-�i�Jӻ���,�YQ�����ea�F�F?�m/p��]�g�D��zẫ��A����F��' &amp#18;�&amp#26;&amp#6;5�&amp#4;�ٔ��;���%�[Iݴz6&amp#31;�b��v�D/&amp#12;&amp#23;C����5���S0:ă�w��K������K;�&amp#5;�^�9�Ʃ~������7ɂ~&amp#11;��&amp#25;&amp#6;��#�0�I��OG�R��qL�&amp#26;=M��$�&amp#7;Ph�6C��H��7+�!&amp#24;�歱"gSAm=��d��&amp#11;�D^s&amp#17;�Պ�{썕�.��h�&amp#1;w&amp#16;��`�&amp#27;&amp#14;Y�R9b��+�)cU�Y7uE&amp#29;�´�9�&amp#8;����sc&amp#22;�u�F���A�jZ͵9��\�&amp#25;�r��Ⱦ�h��i���+��&amp#27;���J��Y�&amp#19;���#n��&amp#28;�P�vi�4j}[&amp#26;����=]�juI`����
���6
&amp#16;��;&amp#12;ش&amp#28;ԯ+&amp#22;�p��u�;G�&amp#31;WY&amp#21;��&amp#26;�G$�D�c�sh0Ђ3I&amp#2;l�-CV��ݚ7���&amp#27;bW2o&amp#26;�&amp#14;&amp#12;|#�1��b&amp#18;����&amp#28;Ģ5��&amp#26;��&amp#19;���K%PG���E&amp#26;�ybN��V&F��&amp#21;��&amp#25;�U�5g���O{\g���b{�!����=|&amp#16;D�>zF[&amp#17;&amp#21;ys�
�{�z�]P�e��z�\?�&amp#27;Y�u��I�^�n�!&amp#23;�m�RṬR&amp#1;���]�yx|�tI&amp#25;��0&amp#28;��4�4��v���l>��:��t�p^�&amp#11;�BRb���&amp#7;]��Q���&amp#27;ӈ`M�~��Ih3U�q����:E��뮚����M�Z9�&amp#2;K&amp#5;�p����/&amp#14;4�AK�\%&amp#1;Ķ�<#�#�Fo��&amp#3;�>&amp#31;��&amp#12;Px�=�lWq)��{�`+M&amp#4;g�)��zum�&amp#28;u1jT&amp#14;R�1^؋P��'=&amp#28;=e���&amp#29;��V�Ũ.�����˲�:a�U]&amp#7;G\c&amp#26;�v9���i�m�1�&amp#24;�����]�&amp#14;��]�Z�&amp#0;I&amp#8;����&amp#30;�	�<�y�Ҹ݄9#�I��&amp#5;��&amp#2;&amp#16;���&amp#1;Gфᴜ&amp#8;E�Mrm��fa!��ͳc�c2�	VZu�&amp#0;�&amp#18;���7&amp#2;^%*�j�n��V&amp#28;&amp#18;���[E{f@�n&amp#14;�~"B`�&amp#26;&amp#18;&amp#14;�&amp#30;��A2��&amp#7;%�&amp#28;�?s`�@Á2&amp#24;��"hY��i8�&{�%	�c��*T˘�M�H�Ew�o1&amp#26;ē&amp#19;1��[DF�)�i��do�u�[A�:��A&amp#3;I&amp#6;�d	�X�7�X>�&amp#24;�(��ъCg��G]&amp#12;�G�&amp#5;��&amp#21;�[D�ߣ�{�m����I&amp#30;ş[�6b���&amp#12;X�ү� &&amp#29;J&amp#22;X!I��[f�zm�ʌ�&amp#20;��Kҹ��,�'�2�d��&amp#26;����5A��3V���^
,�&:8�E*�e\�"�Wh�f�E�w&amp#22;&amp#26;��&amp#14;�4Sû1R$z�H�&amp#4;&amp#23;��c��@�3�iHK�7�&amp#18;ͧ-��/��&amp#0;!�&amp#28;\�:���g"+]^z�Ƌ�&amp#3;dܚ1A����B&amp#24;zHz�g宭�&amp#12;$�&amp#27;��>�,�V2&�W�"��|�����V��*��&S�w�&amp#31;G��&amp#22;3vU޳�U�fe&amp#22;&amp#25;&amp#26;&amp#17;lXo��aת&amp#22;<z�z�i8��&amp#18;�b�&amp#30;��c1I;:�x��b��V�&amp#17;r&amp#14;��H�F�o�D޹��&amp#22;x&amp#8;�`��S*&amp#23;��&amp#12;ۚ��L&amp#31;��&amp#2;�#�%.&amp#15;&amp#2;ˀnA&amp#19;&amp#20;���b�&amp#1;h���$&amp#28;�h�u��"&amp#22;�iC&amp#27;�D�w^65iihg�FH�K> ��&amp#22;E&amp#15;�O�ta&amp#25;v�&amp#17;e�wE�)�LciC�Z&amp#28;�����&amp#15;V��|骒UY���&amp#7;(cJ�p)�`�&amp#2;��H<J	!cmߑbD�&�D`&amp#20;�)Z�&amp#24;Tu���X�&amp#22;=�@&amp#25;J����n�GI�&amp#29;&amp#14;}3��Ā�U��c&amp#19;�GwV���+��9~��l!�~��6K;K(��&amp#29;�>�&amp#27;��k[��v�+�<�RsGZ$-St��x�Vo���q6,�ի�7���^�5Y:�&amp#12;8LFk�,�p��M����1]7�Y��&����e�n�&amp#31;|9~��E�U��
��ER�{�p���[��ī�l&amp#29;�.�٭Ի����&amp#4;�G	iV�����l9jn&amp#26;)fMȤ&amp#3;6p�acQǬ/�O�&amp#28;1�&amp#31;��0�T4�{�����_Or�Hg[��&amp#22;�Zֵ��&amp#28;��v2I�oZ��&amp#25;&amp#17;Z�9Tfʢ��&amp#15;�4x�P��g��9>&amp#19;�&amp#21;�&amp#22;���}�Zں`�&amp#7;?�&amp#26;&amp#28;,���&amp#15;&amp#22;���O\&amp#11;ޣ�E�AۙKaD�dҰ3p&amp#14;1
���
��!�#�j�5�y�&amp#6;&縹2�:�U+��2�X�!$��&amp#3;�6�/&amp#25;�O�B�i(�ՌzJ�\&amp#11;�&amp#1;&amp#5;�a-g�C��+�>!딋i�����r&amp#24;&amp#23;k�&amp#26;&amp#8;}&amp#25;��&amp#11;7\�Bg�^�|�v:�?&amp#31;�-	�i�bzC�y	��ǧ,���R,xw2�s�
���H�%0�&amp#18;Ç&amp#16;t�Y|�9���-r9A|�Vٞ���&amp#20;E̴�%��wȍ��6X�&amp#26;$����t�Ut��lw�&amp#20;&amp#2;,�<Ge1�˷�I��b\U&amp#20;�E��d��λ��o�f��u�&amp#1;Fj�{��1v��Eޢ��m��&amp#17;&amp#3;�,�p#.��Oe�xKU&amp#19;%|��hq�m�W�n'����B����#X���1�F�4��>-��i��*5��&amp#23;#���K��JUs���&amp#11;�o&amp#19;�'~���3����V��5p�Y��T���Q~v&amp#15;ӭ�Nr�[FDj�=�1&amp#19;���&amp#4;5&amp#30;�&amp#16;,���EAԊ���^�	D"api&amp#28;4.��
��2��#�����&amp#20;q��&amp#7;��Z�&amp#31;&amp#18;u|#��nw>ʧO�-�rS�&amp#21;c&amp#11;�&amp#24;
��&amp#15;���^�͔�D�&amp#2;t��Ӕ&amp#11;^&amp#21;�k$��.�&amp#18;6&amp#20;���k*+���4���[8�&amp#3;Yއ&amp#4;&amp#21;Y��x��&amp#8;�DRd���7�P򾗾-��&amp#23;~i�j&amp#23;&amp#14;
�ҏ7A����k&amp#14;σW��->�S9k���J&amp#26;����,�n�^|�x\4&amp#29;���R��b;�&amp#29;G�Ȍ8&amp#16;��� &amp#5;:�&amp#16;F,�-k�/�澠9���l���&amp#19;?l�AD�a]���r���L�ǳ�]fy�
&amp#30;be��E&amp#18;��&amp#0;9m&amp#25;,&amp#16;|�Ҭ&amp#18;&��&amp#3;&amp#26;p{&amp#3;&amp#16;��V&amp#7;�J�nΫ&amp#12;�&amp#18;]&amp#5;&amp#3;mq�&amp#6;]&amp#16;[U&amp#25;l���Zl���H9Lr9�&amp#4;k��r�!��:�&amp#17;�¶��&amp#0;&amp#20;��;&amp#15;�L&amp#12;Q�6�&amp#28;�,��l>w�鄏.�[�CB�&amp#31;6c�d���ĭ��az4��t&amp#16;f`&amp#28;��S<uo7�y��>8�d�����+&amp#28;�F��{�Y�_tw&amp#12;�&amp#12;h<V��YpTGX���2+6�c���&amp#25;&amp#24;���c!�ؼ�1F�3�j�t$�3t���S#h�<��i^Oa3h̲&Lm_P&amp#26;|�&amp#4;�NH@�
&amp#30;��-ԭ"=9&amp#29;ny`oF�&amp#5;�&amp#15;-&amp#7;W�q�{G�W-є�ә^��+�/uu���c�
��&amp#4;&�K�Vfu�GYHX7�&amp#29;@�Oy���(&amp#15;��%�ڼ�۹���s�z�DC�7�(���&amp#16;�&amp#21;�&amp#4;`����|b�@�&amp#6;oV��L5��h�e�4�k&amp#27;&amp#19;;�ɽ=&amp#25;$ć��&amp#28;(����B�C4��P�/��<I�f���I��r�k��$�Nܷ��V{��ދh�&amp#24;x��w��&amp#8;%R<Ufi�V�����&amp#22;���5|�k�&amp#22;pi"8܋&amp#2;�lo��&amp#23;SJ�&amp#17;f1R%������`cVNڦ�&amp#8;���4I�+�{g��MǦ�Wu�&amp#30;���W\����g&amp#27;�7Mʖ�&amp#27;��Y4��a$�b2&amp#5;�V�l&amp#23;��&amp#2;p�c�&amp#29;�N�&amp#4;��Jyd6�H�X�d�J&amp#6;�&amp#29;�bh&amp#29;�c��W�s�}O�跜����|�	�t&amp#18;���Ѫ����}4�:ֆăf�E&amp#0;�2�F�ш�}�1��&amp#27;ʒd����&amp#16;�&amp#18;�u)��I�j��aK��/�C˦줤4�P���f��R��MG�dd�gA��z��&amp#30;��u&amp#17;�&Rɖ&amp#0;�M� ;&amp#12;��&amp#24;����&amp#19;�,�R�n���t�&amp#26;5]�Ϫ����]��	&amp#20;�#�����&amp#27;^&amp#23;��;�5�ξ�;�����W&amp#11;�ǔ��^pʪ;&amp#31;�&amp#4;&amp#22;��Wĳ&amp#25;\BO{=&amp#20;gy��=j&amp#7;%j�ҷ�(ًS�<�u&amp#18;�Ч^�^�|���R}mHuVW�U����ڀR=����r������>H�^&amp#14;�7T��r��D�#�"&amp#12;r�W;&amp#3;@$�q����&amp#28;�8U�OeO>�m��n&amp#30;&amp#28;��@6F&amp#6;��=�_���&amp#28;�y�-�To�Q-�	�f�&amp#5;&amp#26;e�����v�S�Ô�ͼ�1D6QY&amp#27;m�x��ˌ�Z���A���&amp#23;d�ҶG&amp#27;b�7;��ŖW�77zs&amp#7;I��ޣn�.:E�&amp#30;�s�j�� H��"ǭ�$�aӳ+�&amp#17;����(��&amp#0;����w��%�&amp#20;&amp#29;���� ��#����y�)Aʄ8r��Y&amp#4;������ّm	��&amp#12;g?��rR�蛫&amp#17;&amp#23;�Y%7&amp#11;WƤD]5H�`�v3�9�NÔ&amp#28;�"�&amp#5;)&amp#22;	!����)\NcrH&amp#28;�"6�l�&amp#17;��&amp#19;1qX&amp#18;v\����I&amp#12;��&amp#0;?���&amp#21;,J�Q�cy<q&amp#7;\�j��t������7��O��|K��&amp#0;9a�L*�k��&amp#0;O&amp#20;t&amp#28;�&amp#23;�"6�&amp#29;4踆����&amp#0;�j�z�����&amp#19;��&amp#14;� k63&amp#29;&amp#7;u*#KF��	A��!�є���Z-c3�}&amp#14;��o羆�&amp#21;���%&amp#5;&amp#30;-��"h*Fƚ�j�2�&amp#5;gdv3NM��H��n���ſ���&amp#17;�&amp#3;2i)&amp#24;�E�&amp#20;��r-�'���m�t���i6' a�ؒ��;D�m嶵�$�&amp#7;m2���|�B*M_h"�¨��/:Eb6Ì��,��&amp#16;Qm�T�&amp#25;���o�P�M�����&amp#27;��G�'&amp#4;c"TŎ&`;���u�UM�Ȯ�'�r�\r��,u�ց[�֠��Fl�<�����+�N���&amp#31;&amp#3;U�GO�Th�.���P�g�&amp#29;�ڷy�WG�&amp#1;xԄ��&amp#1;V��L�~%1&amp#11;'߾"���Q^�lh�5��!!v��ؑ�&amp#26;Ց�&amp#2;&amp#26;���c��Ni]L[μ����.a�&amp#25;E�,�[�&amp#8;6�I��&amp#8;���8 &amp#0;��p��&amp#23;h���ɥ9#!��l�,Y�l�ժZl�&amp#12;�0J� ��O�P.v���}D� �+�z�W�&amp#18;��&amp#27;� �+�?P���3�&amp#18;���/��F�O?m�O&amp#12;�&amp#0;mu_��I�7��$&amp#17;&amp#14;PL�/�>�ۈ1&amp#27;$�h�X%�m�&amp#31;L�w�:����Zy�&amp#16;}0F�j��&amp#26;���L5�&amp#16;I��&amp#19;2�?:�.��.Y�&amp#1;∳c�&amp#30;ӠO�&amp#26;dG&amp#4;��ID�0/��]Ed�%�j�e��:�&amp#26;�$��
����C2#&amp#12;<��;�[LA�q����yX�z$�%��ڬ]PS!+}��]�}�Si�F�nנ�q�[��&amp#22;����;&amp#17;s&amp#22;�6�}&amp#7;���n�gu�M��ek��#*ݲz��M�4m�5ޡ&amp#14;T6{	9p)&amp#16;t�Q&amp#8;"e����Β��J����L&amp#4;�&amp#7;��'�&amp#23;&amp#22;�-�}K:�>B�&amp#12;z��&amp#31;	0&amp#22;�cN̼n����8&amp#14;q�:&amp#21;&amp#28;��ΐ�u&X&
L&amp#17;��p{&amp#26;��&amp#23;��#A֊��&amp#18;�&amp#16;�.Z^�k ��Yh.�&amp#7;-�V�;Vґ��d�H���:q��̆�&amp#25;=��Xd�<�UO<[�1Բ�\5x��D-�s�˘�V^'�L��ؖ^�UPu�&amp#1;&amp#19;�l^��1���A�����j&amp#7;Y�&amp#22;�.�t��P&amp#28;{&amp#26;r��3�*�����I�M�
�hY��&amp#14;@�c�)z����j�&amp#25;&amp#3;q���>�SR͹��⾊���g��&&amp#8;i5a��i&amp#8;U�0dF�m~Y��-���F�c��S�F&amp#26;k��'��g�4PI�FVB-�*IJ�\��&amp#16;/&&amp#17;�7&amp#11;��(�d)�_�Q��o�X&amp#18;&amp#19;{�&amp#24;�K&amp#20;n�d;�զ`�4&amp#27;蹬&amp#7;�l\*i�&amp#12;�e��d]-h&amp#22;�v�a��&amp#8;T��&amp#8;���LL�Te��,�&amp#19;l�B�R|�:8z��&amp#18;��S&amp#11;<D�������L&amp#12;�&amp#27;	&amp#20;�N`�Sn`0�(?,I�C4&amp#19;0�q�q���&amp#24;F�D' &amp#0;�-&amp#8; ��Gs���S}���7���j��9%&amp#5;�(&�n�U�E�_`�u�ؔ��'&amp#23;�姶&amp#22;_�p�&amp#11;�Z� ��L:&amp#25;a�s�ab��ج��&amp#1;iK*�-},{#!��"�	;����/�d�K"�
I\�B!(\�D�o&amp#11;"�|�d}�d&amp#31;>t�%��R��&amp#22;��*�7&amp#22;�&amp#16;���kڌ�x֤�Ԑ�#��&amp#23;�X��`&amp#19;O���Ko���&amp#7;��v��aVy4\��&��\f��&amp#31;��f��bå&amp#17;�@R��V�,d(t�-�1g#}���O�'�!&amp#25;[&amp#14;� �&amp#26;�&amp#16;i�ή��Ќ�v$�b�&amp#17;-�Q�V�C�i&amp#16;��&amp#20;&amp#5;���&amp#5;�����w��L��I�&amp#1;��Y]ogF���1_&amp#19;���&amp#29;d�{@���h-!&amp#29;���_�&amp#16;�Ɠ՚-آ�A�N7�y��#ֻ.&amp#25;�X&amp#27;�&amp#20;lU�%t�v-&amp#6;�+1&amp#6;&amp#4;�j�Ѱ��ʦ&amp#15;Zɶ�&amp#21;��Ag+ݱ%&amp#31;̢�˧&amp#22;Ls�͇�����&��l�&amp#25;&amp#31;&amp#20;c&amp#29;�9�T�!Q�禜�3��&amp#27;�z��&amp#26;ѕ�R9�،������*�&amp#20;nS&amp#17;o8�&amp#11;w�7<M9����g˰ZB|�x�&amp#21;t �&amp#11;&amp#16;N&amp#22;G���=�Kմ�E<Ba]siU�&amp#24;�9m�#�0(�I&amp#31;a:*��J��ym.U&amp#31;�&amp#6;YW�mn��:�6��R&�?��t��c�1�d���&amp#19;�G�v��{���*�k�0'��]c��'�Xk&amp#15;�]q���&amp#21;�1�ù�0]&�g���m����,X*����a &amp#26;��Ueͺ���/2-L&amp#26;&amp#19;#�}���s�LK���z&amp#15;:��)&amp#19;9&amp#18;GT&amp#23;4�5��&amp#26;0n���3�_&amp#3;�9�Z������=&amp#1;�:r�,�
!nD)&amp#1;&amp#18;d&amp#16;�^+�{1��&amp#15;6&amp#29;�ݳ���e}&amp#17;F�:�scD���H�Nh��"�&amp#23;r&amp#8;��&amp#26;z��-n��X��Y&amp#27;&amp#30;��&amp#5;HD���,&amp#4;�݊��U�g鳜��H�[�>j�k!�Y�I�:y{6�&amp#21;��kE�&amp#12;�E���&amp#2;\���m��ǂ&amp#29;�(Pk��&amp#2;+�� �^�m[&amp#16;h���E7ZB��n`��형�'{RL�u'&amp#21;ݠ�i�IZ5Izg,�ͤg&amp#28;5^Cc&amp#11;��&amp#12;dthu�nm&amp#31;`���&amp#8;E&amp#11;�4�8Wbv��X�&amp#21;	#��&amp#27;�&amp#0;��Z<�M��U��m�y��M&amp#22;;���&amp#28;0�5IoD�J���?[B�ح��S�k�׸�|�&>���&amp#31;&amp#15;�}z�|�&amp#11;=�޻�-�s&amp#3;��LZq���W,T�s]&amp#28;�k7n�&amp#11;B:*�&amp#23;�uе��|&amp#26;�k�;���wh����7e���&amp#0;a[wuK&amp#17;��h�]1t#�/\&amp#4;��4�&amp#4;bW>�k�&amp#27; .]�mgU/&amp#29;5�K[Y��:N&amp#12;���&amp#19;�6A�$�&amp#16;Gg&amp#20;0&amp#18;n��u�Mj\4ݽK�Wc��GK��&amp#27;�\d�Wzݮʶ�m���Ϙ�ڜGt�ފ
zˋ7�)��s&amp#19;$�&amp#24;�+�N����C�&amp#30;��.�fOY#�<)�&amp#28;�&amp#16;g����#�j�g��f�&amp#22;�f�&amp#16;vq&amp#20;|=�{���EW-�0Z�&amp#4;�m���&amp#22;��ގ�f&amp#23;h�ZR"&amp#30;d�s	�LP��O\&amp#14;�$��wv���u&amp#17;�/�4�d�'N��&amp#0;�t.J���)x\�-������X,�e�׏.8��'�@�oc�WmYL4&amp#30;�{��&amp#26;�����&amp#24;��d�MY[&amp#28;�r�&amp#7;��A�$5ا)����m�*�5>����&amp#16;��&amp#15;&amp#8;�&amp#28;���uXp�&�[
����Ek<�eq��EҽQ�������Au��g������&amp#29;�gouQAV��&amp#16;�KrȵnA?j�+s���yp�=&amp#28;���y&amp#15;9ת�e��덱i�G�Kx��&amp#14;� J�]TM�M�*q&amp#22;H&��E���JDw�Z_��&amp#15;w��&amp#26;�&amp#25;;�ꯖm�FZ
��ݼso+ꙒO���� ֌1j�U�8a&amp#0;�;tUӋ�ʇ�Y�&amp#30;W�� cj&amp#6;~���&amp#23;&amp#24;mq�ȭ�zޞæ~��&amp#17;(&amp#27;e&amp#12;l&amp#11;�!-U=��B&amp#6;@�L�&&amp#12;&amp#30;&amp#7;CE&amp#17;OFձb	�b���6��&zZ��)KW;�͡&amp#27;q&amp#28;�!��&amp#8;ˊ*=��t]�Ѧk#�j&amp#18;�&amp#6;��6%�&amp#23;&amp#21;�v�x�I��e%�C��c�ēn/&amp#3;�MPH&amp#4;��⼦&amp#20;C��&amp#1;&amp#19;0�	�*&amp#7;���&amp#27;}R������7&amp#5;������Cv&amp#6;�X\ͼ�&amp#12;^��yٵWUm�>������?&amp#19;���q�E��d�.����tX@�./&amp#14;���M����c��t��v��m���m��9</��mV��4�#��:�&amp#6;�c��[�-�k<��u�`I&amp#11;U��P�1��{�&amp#12;�/J�&amp#29;&amp#19;m��1���`���_�Za&amp#17;����&amp#8;�&amp#19;��_�5&amp#22;�&amp#31;+�^4�Q�g���ބ�lǪuB�=��e&amp#2;SV&amp#25;\:�t�ԩ��&amp#19;r&amp#28;�D�S Y&amp#30;턒�&amp#4;&amp#7;/\Ad��i��yd��{U|چt��G6o�J&amp#25;6k��"&amp#1;H&amp#24;���v���&amp#2;ގ&amp#28;�v���!��q��F�|�f�{�&amp#3;VM�Bٞ������WI&amp#23;�&�50�g_l'&amp#2;1DD6�܂z�-&amp#27;�MǳZ�u�ɪ�w��h&amp#3;��&&amp#25;�lƼ}�&amp#29;��>c&amp#11;h&amp#2;K�F�&amp#1;���&amp#21;3�PW�G~uh��ۚ��&amp#17;.�n�d�&amp#21;v&amp#25;[.��Pr&amp#4;&amp#25;�Qn���uI�)YJgQF&amp#24;Մ�U&amp#23;&amp#5;9j&amp#14;�~S�Sw�iȵKZ�=&amp#25;���&amp#28;BI&amp#23;/-�J&amp#28;�5�w��&amp#14;̙VQ��&amp#25;�:&amp#11;��������SS^&amp#30;1�����=��6�{:�gv��x�b���&amp#7;Z�cF��v��:�$0�y�z�F���ҷh�[�*���q�)u\&��Շ'Զ�&amp#19;��=��&amp#5;&amp#31;�[&amp#31;�K7���k��&amp#23;&amp#29;b�&amp#26;���x@�6��LYF��?ZÎ5j��{@��*Mq�&amp#29;�&amp#20;���]0��I&amp#4;	&amp#20;]��K�&amp#7;&amp#15;U�z51a��MYK-&amp#21;��+�߮y��ު���&amp#25;�!�K&amp#25;�بQ��Լ&amp#0;X�x����"�&amp#6;I�H����mS�ݦ���3r�-�7oyY&amp#31;!YI��E��m�g#q�&amp#21;&/�t�0�&amp#11;��&amp#1;�ជ ��&amp#27;��N�m�se�=®n��k0-���<x&amp#20;�,�.8�s�aDB�%<�^�ɷ�r�K��t��60���K���EWV�M�w�¾���w�F�/����ʊ�����gq�9w1&amp#0;�&amp#19;�2�vdN�l�&amp#4;�Vq&amp#6;&amp#21;��q&amp#30;\h=T4<ms��&amp#25;�&amp#23;�!4&amp#14;7t��&amp#15;�r��\���Bd&amp#1;�����3ܥ����oi�&amp#0;��OC&amp#28;����3�k�&amp#18;T&amp#2;��t��w6�5�X&amp#18;U�'��\Vp�;����G,��fY�����1&&amp#15;�`��p�5�F�1��ڗ&amp#11;&amp#4;��U佇�]n���(&amp#23;"K\M�SO,��)��r &amp#2;d�GS�$[V��&��z�}p��T��M&amp#17;&amp#28;V?��&amp#30;�/�83�u&amp#5;�P�OP/&amp#21;��n,>V�m&amp#1;) d&amp#27;{tt&amp#17;�b�K���&amp#23;Au�2�������q��C]�t4B,���`�wc��4odB9�	�&amp#31;&amp#20;Tvo&amp#24;�b8�5�!DI03��:B$�&amp#0;N�&amp#20;���5!���&amp#31;&3&amp#14;bi�@J��&amp#15;N�����&�l&amp#24;�ZkZ7Ԋ��f��I�Z&amp#17;h�욾iF&amp#5;�,.n&amp#4;a�F�&amp#1;$��&amp#0;Jx�'Rz�0��RZa��T&amp#28;l�y'9ۻ}��,�,3�x���\n��]�e���yY��&amp#28;&amp#29;Y��DGbCu�~G�3&amp#31;9��&amp#8;�&amp#6;�&amp#17;i8�y�F&amp#20;&amp#31;�;ϒ�P'N�wt�,��⇍(��Uo]˹�.f&amp#22;��������&amp#27;c
$�⬭�ɟ�\����\x�oI��8UH��ϣ����Wt&amp#23;�{d��QMJE&amp#25;�kI�Md)Rc��}Z^�EMa��J:���&amp#0;���{L�Q[lbB`v&amp#20;O�����3t�4:?�`��&��{�&amp#5;)�ʳ�D�Ѩ�Ԑ��]<�V��0`��&amp#12;�f6�m�a��5�U�&amp#14;EY�c�s�k�j&amp#11;����%om�m�����1�e��&amp#4;����Ʌ�a�4,U��RF�CBS�;'��4}&amp#19;�&amp#0;'��UA��%��[&amp#25;�x�F�W�~x�gsW.&amp#26;���hܫ{Q�9([&amp#5;&amp#11;2F��#��ܝZ����]�&amp#22;���ǵ&amp#11;�qT&amp#26;b%ׅ/B,��#�Q��U��S}H�>��óu����N��e���xl�&amp#12;�&amp#22;m&amp#8;6�&amp#30;P\0	&amp#8;�&amp#16;&amp#0;i �&amp#12;:&amp#14;[�&amp#26;{T:&amp#28;a����m����5�;�YN�7���W��n�ig���*Ӡ����%� �m�Xj&amp#11;�L24�&amp#26;�J��&amp#12;�Rx��7*�pu��a�&amp#8;XI:kw��&amp#0;��9.-�'�&amp#23;��s�{N[��&amp#30;&amp#8;kB&amp#14;6of.&amp#18;�&amp#20;浞K ��ζ�d&amp#31;���&amp#16;���!�;�ܯ�j�&amp#0;uP2�j�����&amp#22;��a��+��KR&amp#5;��&amp#12;&amp#15;&amp#4;&amp#19;x@hЛ5�K�:�Mg���v���� �&amp#22;&amp#4;`��n���4h&amp#20;�&amp#15;��&amp#12;6r�R&amp#26;:J6���'1��{�&amp#23;,�J�����&amp#2;+�&amp#30;�.Pt4������K&amp#29;�,�݀&amp#8;D8أ4^��rO"���DԖ�K`�J}&amp#27;�s��)��&amp#17;'AWVʅ ���a7��L�e�%&amp#27;��@g~�����=�%Z�&amp#11;��a��&amp#27;r�t��Y��ѩ��&amp#8;�%5r�&amp#17;`[K9&amp#29;$Q��X*���&amp#21;��}&amp#4;��&amp#26;�S|����-(ナ����&amp#29;K�v	�z&amp#7;e�&amp#17;��fk�&amp#21;��>9�&amp#30;c�&amp#6;/VA3.\�|o�d�rk3H*e["�&amp#29;�I7�Ad��&amp#3;�3�&amp#14;&amp#14;t]�&amp#31;&amp#11;!&amp#22;ZGG�n��#g&amp#15;&amp#11;J�7&amp#14;��\����T�&amp#20;k�]�&amp#25;&amp#14;&����bI�I�&amp#1;��YPz׍��9�W�)`�&amp#29;�v&amp#22;�Δ&�#��D�UO#���F&amp#27;�u�.��&amp#12;ܳM���Z���ϣ���&amp#31;&amp#27;�9�-Ҝ4�m�g�Rb/^�K&amp#16;���&amp#16;3k&�(�U��F609C�������*U�hc	�9�{��0z]	�p�8I�U�[�QnPj磆[�&amp#31;(�7�&amp#22;ʯ,L�3&amp#0;OgA�&amp#16;�g*&amp#31;��X��&amp#1;�~*6�E&amp#24;�&amp#28;6L*�w�|��I�td�&amp#7;5���Eu&amp#19;("�.���&amp#21;&amp#27;�q��&amp#22;:�8ʈ&amp#31;Z҉V��Z�o̵lOq���&amp#3;��ET��&amp#0;&amp#7;q��7���{yT��I��&amp#12;�Y�WW&amp#6;;g&amp#3;tUd)�<r����M�&amp#0;vpOtپ��&amp#19;&amp#24;���ڞ�f��x�ݼ��r���U7)>��rE��y�5Lv[�&amp#4;�녮�N�R�L&amp#14;��V�"Hh�OH��b&amp#8;@~4� �*&amp#15;��6��?&amp#3;����ҾZ�V��?4��[������S���{^�V��yi4X&amp#27;��#;�MC�L>�B��1&amp#27;D�&amp#6;&amp#18;^$&amp#28;h3q�@&amp#7;&amp#28;26Q�����sX�h��!�[+��&amp#15;��&amp#11;ܫ��U&amp#15;)i&amp#5;�&amp#22;j@��]���G&amp#24;��ۢ.�~LD���a<,�	��-`�P�&���m���݊B�q��=�铐p^Y��m��S��z&amp#17;����#g×dF��.Ⅴ�)&amp#17;�� ��s&amp#23;��&amp#31;8�&amp#11;-��&amp#7;���^&amp#5;�}i++�&amp#30; %�A��,��{Q��&amp#26;O�&amp#14;�*p�&amp#15;&amp#21;����֜�]�&amp#27;&amp#12;�jߋ)n&amp#15;."��L�&amp#31;�&amp#15;�=\�&amp#12;&amp#6;f�f&amp#3;�V�&amp#27;׌��6ֽ���S.W��;�&amp#31;��?G�z��M;*��&amp#20;�KF&amp#31;&amp#25;߹Tl~��ṗ�$�m�Q�Q&amp#25;�����&amp#14;f('&amp#26;Z&amp#18;�!�L&amp#22;�9}��{u�m&amp#16;q��~������z�%?&amp#26;pƣ�B�8I����}2Ɉ�&amp#27;���+<m���MT���&amp#17;�?E���!�3�}��&amp#11;X�ׅ��&amp#28;BB�&amp#7;D�cb2&amp#30;l4&amp#12;�w"*�&amp#25;]Y��ʷ&amp#19;�Fײq&amp#25;w�=<_�q&amp#25;&amp#12;o�_%�&amp#25;Ã��&amp#28;w�&amp#23;ƞ����a�^m�>�&amp#19;�|��F���?A�w�.f-߰&amp#17;D48�&amp#28;&amp#11;*&amp#14;X�1�&أ{���:�\Z��6�d"���&amp#16;�&amp#15;u�,�&amp#29;-���(���F�[ժ;m�j�K7	4o�b�Y�qN��&amp#30;�lŅhsx������&amp#29;D�u�ϗ&amp#30;@r��3�<�ؒ�&amp#30;"���&amp#15;"H&amp#26;���^3\A�&amp#18;m�.J�r��J�tU'Z,���?)�N��Y�6�&amp#22;&amp#19;uc&amp#26;����&amp#3;�`3#�&amp#25;V ��Q&amp#17;A2P��&amp#27;9|��x͏&amp#27;&amp#1;�&amp#14;��:/&amp#15;q�~Ӈ��^��5-"&amp#7;d&amp#6;&amp#28;J2��}o>E�s&amp#5;��&amp#27;>T����&amp#19;Ȩ�������L���SE��g�%_Df0O�&amp#22;&amp#31;u:��&amp#21;&amp#31;�f�8>Ɂ\]��&amp#28;��#aEtۈ�{�V&amp#29;5��?ͦ��}a�
���AX��P׍a�n�&amp#15;��%S}&amp#31;���&amp#14;3}&amp#3;�8��?Jw��&amp#31;��ފsqU&amp#22;G��������j��#o}7�{%ꊂa&amp#20;bN�w&amp#19;jǻy��TV&amp#4;�����z�6�0�y�A��P{&amp#12;��ډ�l��^zB�&amp#0;��S�&amp#21;��+~ŉ�_�&amp#14;(�?6�T��o��39����Źk���$��Z��g>c��т^wx�����y�&amp#26;�����&amp#12;4a��ѱ�q���dRpm|�&amp#22;䳾;��=[o��G+�?t��$�_`[^�&�����uϦl$�&amp#2;&amp#3;y��c�I$&amp#29;<��'#R��&amp#26;8g��"W&amp#17;F�2�&amp#15;	?u5
�=-\&amp#8;�V&amp#28;�U&amp#29;r���&amp#7;�����@ּ�ٜ��&amp#24;�*I)&amp#5;?U'q
�ԓ@w��&amp#14;���&amp#18;B�Pߔ�e~j{&amp#31;��(Y(O5&amp#7;d��U��{&amp#22;[^NȬ���&amp#12;ul��5&amp#5;�=�!�����tF+yr�y6{*��P��p~aA���x&amp#18;W���U�eM�ڂ�/&amp#30;���&amp#16;�42h�ȍߙ��&amp#3;}>����Mf�ƕq-1��Z��f*��Z�&amp#21;=��&amp#30;��N�&amp#27;�us�.�&amp#28;�E�Np�qc;��)�+Hn_h&amp#2;�&amp#14;MH�uN	�&amp#16;ìO5�|G<����7��&amp#31;�L&amp#15;@;m���Ce�7&M&amp#7;��B��L-
2��c�N-^�GK�qG��Z�V�P�����ޣ&amp#25;h��&amp#24;X4l��&amp#27;��a)�Rٱ����WY�&amp#30;����l
瀼�0��j��=���1����>��5���}&amp#22;�~�Ϟ�	��|�&amp#6;���VF Y�&amp#20;c2C&amp#8;A��&amp#4;%Xh���db@��B5�*u�ηۦz &amp#17;&amp#8;���s[Dt���Wn,e-Ђr�&amp#7;�r%w�w&amp#12;�!J&amp#19;g� #��lERIOD�ǖ�FH��s���&amp#30;�&amp#8;H�j��&amp#4;i&amp#29;3RzEYZ�r|��&amp#5;���`q��n�d��ҝ&amp#11;Y���&&amp#2;8�]�[gH��d�@�:�=�-9g��_&amp#21;�&amp#29;	K���T͞��8�"�&amp#25;&amp#21;�X�#T�Я)���/���֬(&amp#18;T�x���YIkuw�Fz��&amp#27;&amp#14;���0yn,��~-е&amp#27;9p�8	�h��X��i���.����y&amp#4;vZ��&amp#18;S��5Z@�����yR��-��*{��9t�;&amp#16;&amp#28;�N�t�s:��xO�W�9�g&amp#18;�̝$e*�s��hc7��Y??���o��&amp#14;u�I��;��&amp#23;&amp#29;�&amp#20;]�w^��/�_���&amp#5;&amp#24;�&amp#5;��e��GAL;#��1��Ս&amp#24;o&amp#20;�g6&amp#20;$�0[�=�&amp#28;k��pt�^�:_G�&amp#2;�x��O�&amp#26;�|D*ઍ��NȐ&amp#19;p�v���o밢?&amp#23;��|6�g˫��6���F�	��&amp#21;���&-�N�[vZ�&amp#14;}o�&amp#31;���羅�o���'��&amp#22;�EfjIA&amp#8;Ҧ@&amp#28;���&amp#16;
�&amp#2;X�&amp#2;����&amp#1;�&amp#5;�h��j�&amp#5;\�&�&amp#22;醙w���8�r^_��o��	��HR	`�S�&amp#7;�]&amp#12;���&amp#25;�s������R(�G
�>ս���w�h���`���&amp#0;��&amp#30;&amp#25;e��e�ٳ��E��ɯl@��;3�9�Ճ�Ws&amp#17;:&amp#18;�!�!�&amp#14;z�>VU��×a.=�߲�&amp#0;#=��j��&amp#19;��P�R��,�e�&amp#22;@��\C�.렃���F�i-�·&amp#27;�&amp#6;��':0��&amp#29;&amp#20;<&amp#29;��>�M&amp#12;����*m&amp#28;&amp#26;�ͪ�&amp#7;&amp#19;&amp#29;&amp#19;��ڹ�:G�z	&amp#29;&amp#14;��A�ikrE){��V��m�&amp#23;�\����o!���&amp#0;�(���i���c/�{��;�]3ʵ�&amp#24;&�[�&amp#14;�&amp#23;�>���[8�&amp#6;�m�'<�G��� �:&amp#19;�F��6&amp#20;�%��31����T�&amp#31;���w�&amp#23;&amp#15;a���&amp#29;��\� �Z��&amp#26;���%Vz��Ơz��:sM&amp#31;�g���&amp#1;�= &amp#29;��Cg���mcL`%\k�wD �dQ�ʾ6�f�&amp#31;�����ٌw�uV�΍&amp#27;���eѤ��`���RD)�	�i�3���4���^�̺��17�l��]�,�0n��&amp#27;f�F�7�y6%&amp#22;g�UbQ���9&amp#28;(�Km��_]��v�o��SW&amp#17;&amp#8;��>��i�&amp#29;&amp#22;
;f��E&amp#21;u�G9җy�w�&amp#17;U0��o�ź���Rj�M&amp#7;^��8w&amp#21;M����q�8�"9(��غ,7(&amp#8;?P�-�Α�
���kqy�D�����&amp#23;�&amp#19;�B��u0&amp#11;V��&amp#8;����&amp#7;�_�~��,�q����r#"CT�WB�PZmrwg���&amp#2;08d�&amp#0;�o�&amp#12;��@8�C����Cޯ$�݋u-��ݪ����&amp#22;�mG1�*=��&amp#18;�);�=>��A&����E^T�թ��|��L'.�cJ�����TV�9ar&amp#21;=p�-d]���=����{k���q&amp#14;�3��*X��7���t�R$Gx�V[>�k�{J�_b�밸���OC�&amp#14;Gl\/f�[3&amp#5;�x;Hcp% ٭�Y���X!'�X&amp#21;�D;�Y����xO�⃳�?@4P���<ߏ��&amp#21;&amp#25;��J�%4	���6�"�n�9,&amp#5;3&amp#11;࿡���o&amp#0;&amp#12;���G��A�&amp#17;�*Ȩ�-YI&amp#8;y��lCv%�2���V�N,�O�\�kaƙbnχIc�����o�A��24�]�&amp#3;
.��&amp#8;�am7-S�m���j���AOb�k&amp#19;�m��&amp#16;]>��9�&amp#17;"�v��&amp#21;$��z)�_�F&amp#23;�<Ԃ��t&amp#25;Z�X��*9�]��ܻ�l�IU �	D:_J��H�E&amp#18;o7�HN��k�vD~���>&amp#16;&amp#14;������4���&amp#0;���&amp#17;R�v󤡕��&amp#7;���&amp#24;?&amp#7;Dv&amp#15;&amp#22;��&amp#0;���U����]E�m&i��zQeW6&amp#30;{�H&amp#5;�\��z9&amp#22;�.�#2&`~9��UL�ݮ�"�3�.
�K&amp#2;��j;E��q�LkK6/oS�&amp#26;.��	a��̔gA�WZ��5���&amp#26;������;�R۵y&amp#5;�5E�S7�e�&amp#14;���[?^F�}�}�S&amp#24;��J�w=-d*��7�z�Y&amp#20;c^I�w>&amp#24;�&amp#29;��"Ĝ���_�yރ2&amp#6;���9IQ��mvE7&amp#16;�>&amp#8;&amp#22;v4<��&amp#11;&amp#5;�&amp#4;��)�&,Vܗ�&amp#31;/�&amp#22;oI�`�K�&amp#0;S�&amp#27;�jk&amp#7;���L�&amp#20;�\&amp#12;�*�&amp#0;Ds�DMY>ҷ	&amp#19;��f~YDz����*ڻ� Z�5�R���&amp#11;�>^&amp#8;�%�4C&amp#2;�,�ބA{&amp#30;������v�׼�6��0w#�9E�fM�l&amp#25;&amp#2;&amp#3;	&amp#25;&amp#7;#&amp#2;�Ds�,o��&��z�	8ֽ���&amp#29;��/�w�Kd�׈Z`B&amp#19;�&amp#5;�?&amp#17;&amp#26;h�#�(�p&amp#19;B���D�z��b�5+-&amp#29;��.���&amp#1;E���2��$�&amp#7;`���&amp#24;L֣`%[���D�b���	|P��&amp#28;mu��"&amp#18;&amp#18;�"�Fe�&amp#14;�<N&amp#23;�A�Pֆ.ȏ��X��_���輇�9PY&amp#31;��Y�-�0�&amp#30;x��k&amp#6;&amp#5;a$�&amp#26;��*��;6O[ϭDͰ��z6�Y�.��f՜��o��ˬt�(�B��
3�%q�<�ůYYK&amp#31;��J��Sg�9��y��P�E�u�&amp#18;&amp#3;�&amp#16;��&amp#4;�]\%ܝagU�&amp#7;&amp#30;�V�^�D���o�y�&amp#18;}�VM��-q�T��G�
5M�y�bxdf�;&amp#14;j�R�ҫ��X���D0���o�����'�9�����z6U&amp#16;�C,�&amp#19;&amp#30;]\&amp#7;�ha�f3\��&amp#26;&amp#23;4r�MQ~�&&amp#29;�&amp#28;g�N�˚�f�&amp#0;�^��N&amp#17;���&amp#21;ӯ�&amp#27;����
S=�+��P.7C�A�&amp#23;�_��X���3+'�sT;�)T�y�hFQ��;�k�SPr&amp#2;&amp#2;�&amp#25;]!&amp#30;��ޯ��6ϛ�;�&amp#14;&amp#5;$��j�����G���ፌ���J&amp#7;��n(�)��dW�1�[��#���&amp#17;�g|R����GM�뗆M���2-J�fx{�e����&amp#26;�&amp#22;l����dgO8���U&amp#20;��M�XE���Y�&amp#2;嶱C}&amp#27;���&amp#26;���PO�G�f�n�4�&amp#20;��{�����nd&amp#11;��'+� `&amp#6;��+��ë$.j&amp#26;BΣ&amp#7;���&amp#19;,8w���&amp#20;l���_��&amp#26;I܄�)���4�g��5�O�mK�HM�PGٝ��z&amp#5;�֣0i��Nt�U}�Wia�V�Gk�r�&amp#7;�if��Z��]�����5-�7��&amp#23;��&amp#1;�|&amp#15;�!g��l���Km"��v5~Pq�]pU�co���tu�j8�Xo&amp#27;��*�u&amp#15;Ӵ9&amp#19;�	ƴ�{v&amp#3;&amp#24;�!^T1	-�F�c.���!&amp#6;<7���&amp#29;�&amp#11;�&amp#0;`�&amp#6;�x�&amp#0;N�t�9���M�v�s���l��p��.�(�������&amp#14;v�&amp#17;�F�zԴZQ�}#d�c���&amp#7;z�Z:f��&amp#4;�֙���&amp#7;!��&amp#11;��b�3~�p����)�efz�&amp#20;�	`�I:�+�;�<�~|3��eD��&amp#27;&amp#16;�DҿqK���T}-����E-���xl�6N�4�Ѻ7d����͈�⥙��3��:m����Ǖ&amp#25;S�}&amp#29;�r�Ȇs�v2��g d�&amp#20; �c����3&amp#18;�w
�$E&amp#23;�&amp#2;5���/���ڦ���^�]0����(��&amp#25;b�C���*H�&amp#25;�&amp#4;�z�I���o>t���&amp#25;&amp#25;&amp#8;�&amp#22;�0���b����5��#�*Y[��r��	���3Y��&amp#8;�O&amp#15;T��&amp#22;�2y����&amp#0;��2|^&amp#5;'{*@�N"&�zf�&amp#1;Ѩmj�/fŵ��-v&amp#30;G&amp#30;&amp#1;OY9T&amp#14;K=aI!�&amp#14;������c�S�&amp#11;II�����&amp#21;c6�I�5�NҪ���?�:/���&amp#1;�&amp#23;��&amp#0;�&amp#0;��[&amp#23;"��Y)kj&amp#22;+&amp#16;��&amp#12;&amp#3;�*K���Ì}F����;X����ѭe�z&��nt2�h&amp#24;�&amp#31;#�Dn�w&amp#24;1&amp#31;����&amp#30;J�&amp#5;&amp#14;^_&amp#11;�8q&amp#28;&amp#22;v:S�����&amp#7;�u��9&&amp#14;�&amp#0;بO�=.�ש_�&'S�~�&amp#23;�@�Q�o��6�>�S��y�l&amp#1;c�$w3��.&amp#31;��g��g�IM��^Kәz1�.3}رs�T&amp#28;�[��Va����^=�&amp#29;WPobp�&amp#24;�>�&amp#0;��ɑW��]	XgM�f&amp#21;4&amp#3;0l�ʔ�����sJ�&amp#15;/=�&amp#15;�?K�m�%�����Hj&amp#5;c�����7"mVh[0,&amp#20;�Y���&amp#1;d��+�O�S�|{p�?m�����&�yjΎ6R�"��&amp#30;&̮{)��&amp#26;
(����;��,f&amp#21;]�s3�(�&�a[��&amp#3;����&amp#11;�&amp#31;��$,pj��^Zz�������&amp#31;�L`�.�|&amp#12;�n�Ҍ��]j���gx|�&amp#29;&amp#2;�k����H�&amp#0; �-&amp#26;&amp#6;��U�s&amp#16;K!��ʚ
�~��r&amp#6;�&amp#27;K�:gx͹T^��Z��h��'`Tӵ���S
h���(1�-W'�/����j�se�E��g�&amp#17;q�u��M�VFn�E[�]���Cs�L�1����{�'��-d	h0FC�4^n�ηϪv�&amp#31;�&amp#11;�����`9>��Ĕr��Z㚺w�l&amp#14;*���>Cu�dQ'?�*ΙH��&amp#19;$+��uuE4&amp#1;S&amp#3;�E;j�+e���&amp#28;�.��&amp#18;Z�����&amp#14;�9�&amp#25;���<s(&amp#20;������=-7���*^�Q�����o�&amp#15;c|��&amp#11;�_��&amp#24;�V�7flZ&amp#15;42�F�&amp#3;,�ԏ��Q�=&amp#23;V:7F/&amp#24;Teqi@B�&amp#12;����~��5&|�^o����Bt&amp#21;e˾��&amp#4;���$��&amp#26;�%�2���K��&amp#15;3�Mg��$&amp#18;\&amp#26;zMZꛣ���&amp#31;&amp#4;dr&amp#26;&amp#14;5IrS
c1&amp#27;gU&amp#4;lyM)m�S`�.5uY�R*���1&amp#31;2(�s+6E�h���q�|>��f��U��~X�=O��&amp#11;j���6C&amp#7;X)c#�Q�E�&amp#28;Q�&amp#24;�/&amp#28;.<S\\�.�;�a}��s}&amp#7;H:��&amp#4;�z&amp#20;|l�̂&amp#14;�S��k/\�̾��n!+�n&amp#19;r��h@�i�&amp#27;x�)�W���|��6�DhbT	Xhߡ6)�ôg��&amp#27;��m��&amp#31;p��1 ����K�&amp#27;�O�:E�68pF�&amp#23;0Kb���]��)q.l�n	p�&amp#21;g�J&amp#7;y��;'�n�#�&amp#3;�{ڥK^�|�[C�D�!j�=)vS�
��7��&amp#0;��=ǳ,�7��E+&amp#1;��oBDQ5U�L��@�6X,=��`�&amp#12;��J43�QQi�&amp#15;TPx�#{@&amp#27;R\Uɟ�e�=O?&amp#28;S)0��$YM&amp#16;�j�#?�Hk{&amp#22;!��k9P�ڟ,�ٵ��
ϊ�)St7�ߜ�&amp#0;F>i�Ũ&amp#27;����p�&amp#6;�g&amp#21;�A1�,��$:&amp#1;���&amp#23;�O��M��&amp#15;�l�Ɛ��<]��DL�CW��c�&amp#23;�����<vR�g&amp#27;���&amp#11;]��)wәQA�X&amp#31;�&amp#30;Y&amp#16;y��<ž�}$�G����&amp#19;�ْB�R��y��&amp#30;��&amp#28;{7s�����Tr>\q&amp#1;������I��V���t;j���&amp#8;��x�2&amp#3;Rh&amp#3;�&amp#28;渋�Z0����&amp#30;&amp#1; ����A}��'љ���4�&amp#17;�]l���oQ�&amp#11;cܫ-Ԭ�^6��^R!UK&��QL힕����&amp#7;�NUZI�׬&amp#16;F
c�J�*�&amp#24;��&amp#16;%�&amp#18;��&amp#21;�T�&amp#6;CBŀ��ޱ$��ch�����U���&amp#7;�&amp#31;%��&amp#0;Y�1�壪&amp#30;w�xQ�&amp#23;EP��3R��&amp#6;�OF�`m�z���>��c&amp#7;Hk�s&amp#31;g�z��,�Bp���/��&amp#26;*:;�8��&amp#6;�ѽ�ŝwB}&amp#8;9�&amp#30;��?y�qcqkw&amp#18;S�&amp#29;F.�~�|w��K^:��u�Mdҗ�^����4-�Bx�C�7dj�tD�K��:�l����Uf��&amp#8;�l]&amp#26;&amp#29;a;����&amp#14;��u��&amp#5;��z�$&amp#27;JO��U�d܈�s�o�s�=O�+g�`�|o$��r�����^�&amp#28;O�}����ɾ� ⎸�=��M~@}Uw�&amp#20;��Q�5�,T|�F��W�&amp#31;�~�&amp#11;O�?&amp#14;>�4&amp#4;&amp#0;����
ron|����N\��~��&amp#7;ӝ&amp#23;[�o�܉ԝ&amp#11;Y%~qd�O�<�}ϽL�o&amp#24;���oi��O�]=���}&amp#1;�w'���&amp#12;�jq}�z<�:�&amp#4;<@&amp#7;0�Q�fłgi��M�5\�W�Ö���_&amp#14;�]V��&��3P�&amp#3;�&amp#12;�!I�~��j�F����&amp#27;�H�w�G�_����Km�&amp#0;G`�w�+iUp"�&amp#28;,����uo&amp#25;&amp#26;eJ�<�5x��֋&Ma�5b&amp#30;��Ŵ�
�����~��^���:���:�v&amp#22;��&amp#22;�,F&amp#14;Զ�&amp#23;#�I۔�qB(G&amp#30;�и�W�h{�ދ��g���&amp#5;�~gj<z�
s�=tO>&yoh�^�&amp#18;��
w?V8&amp#24;��u���s�b&햿��n��^���C1C���$��&amp#21;[ͨ&amp#14;E�&amp#30;A�hn��.�&amp#1;>���r��*{n��R�3�GN�4�M&amp#23;���րM߶��!t��F���_N!!����<��=&amp#14;�&amp#18;١���bղ&amp#28;�RC��\�ƂJr�E��8��:U�&amp#31;���t��}ȝ7e����p�~��9&amp#27;JZ��B���y�M+*��y�ѫ�&amp#20;&amp#15;Eԓ&amp#31;���/�˾����V��&amp#30;��>�|��=��Q}@x�at0OC �Ϯ���n&amp#6;�W�&amp#15;ꯠ�&amp#23;�I �&amp#1;��&amp#19;���o��U�@il6Y�|'`uo�;&amp#7;�z��4�-���À'=���Ֆ�m)q�}iՐi����&amp#23;V�v�9ϐ{�:7�n��}�y�&amp#29;M��&amp#18;z�\@Q�))�v�&amp#7;Y��ͨ�roJ���&amp#21;�[:�I"{��s��ˌ�v&amp#18;e&amp#26;�j�&amp#17;P��Ä5�.�&amp#1;&amp#18;�����(���ȢސH�`-ڕ�_���5�&amp#28;�&amp#19;&amp#17;&amp#11;l8|A���&amp#8;0����u&amp#20;Nd�&amp#0;��f��&amp#12;&amp#22;�n�f&amp#21;=?��t&amp#6;�����������&amp#3;�`d^V&amp#29;r��~S�1IEYv?U��[�&amp#25;����&�S&amp#17;u&amp#20;�.ڠ=O��hu����2P&amp#29;&amp#11;Ag2[��&amp#19;���^��*Dt��r�G�,9�U��6[g&amp#11;�z�zr��2H�����}z��f�&amp#20;�&amp#30;v&amp#31;&amp#28;�(~��ޅT�Fe&amp#16;�K"u��M^&amp#4;|*g��K����&amp#0;�/�?�#�Ij9W&amp#22;mE��qc�br؈,s�����w��j�� A&amp#11;j ��<�z�&amp#19;+��&amp#23;���cˠ"�Z?{�&amp#22;�VqP{&amp#28;s1&amp#31;�D��%���������"2�0�FY.`l�e&amp#14;&amp#18;!m~B�&amp#21;�F�ȡ�_+����&amp#0;��&amp#23;>���&amp#0;�_�I�;��@��H�b��C�Ngp&amp#15;ѿ��B=ǀ�!$����<���&amp#31;��&amp#0;���7`W/>��3J�wۜ�t��&amp#4;Z&amp#0;Z�⹕E���N^tt&amp#26;o�\��&amp#0;lQ�>��&amp#31;!ia&amp#3;��&amp#29;F~�tG�r�~��:����B������&amp#25;Hd&amp#28;MM&amp#30;E��}&amp#18;W"�XΓˌ��Se�")8�n&amp#25;}&amp#11;�\�����&amp#15;�/�I��&amp#25;M�׫^�&amp#19;~��lbl&amp#26;�-�"ĭ��_zݼ�����/�U�&amp#11;�J�*�k�����̯`��n&amp#7;��&amp#21;���bW6O��&amp#14;���&amp#26;�&amp#14;.=C	&amp#17; &amp#16;&amp#18;B2�Cw��-���!Pˮ;&amp#7;1Mxe&amp#26;�q~'YXծ�&amp#0;�&amp#4;��~���S�Ή紙w��c��d&amp#5;=iQ��cle&amp#23;�	*ԋO&amp#12;&amp#11;/����/��&amp#21;&amp#20;�	 );�4�ֳ&amp#12;�"�-Fq�l�h�F�&amp#20;�Ϋ_G%&amp#17;�^�m|��&amp#15;�&amp#30;�-�4'M�:-s�ԏ�?Y��&amp#21;O+��2���� V]�N���&amp#26;��&amp#29;��&amp#0;֩����[F��X&amp#18;�;��n�y�f�.#��J;&amp#17;�:&amp#5;�߀(��&amp#6;�Ғ�^�Y&amp#6;&amp#30;=�5x�)0&amp#0;�C���y/M)�����&amp#22;��'dL�q�����/���&amp#0;2��&amp#30;���c����@�þ3��g�=��j\&amp#5;�\&amp#17;��Ž��&amp#29;��<Ww2E����F�������1�&amp#16;W�&amp#11;�5�A]�yx%�&amp#27;&amp#15;+t	�h�0&amp#11;��}?�9�&amp#0;��?����&amp#3;�{Mv�;`@l>lT&amp#25;&amp#0;�<tI �5wR�-�jV>&amp#3;���_&amp#27;,\�[���	��'l5�;&amp#18;Isb�&amp#24;#�[s�K��N>oF����]��ĸi&amp#29;���-��V�&amp#2;]Ƥ&amp#26;&amp#7;&amp#6;?�U]�׏3&amp#26;�ܴ~[�֏�Π�PG
/�����/UQF&amp#23;p�g$�&amp#8;6t&amp#18;��&amp#22;Q�LcU�z����_�'g�w���&amp#25;VTv&amp#5;RB�?���Y&amp#17;�C�/��)<&Ůq�,��Nv�Y�e܅&amp#5;&amp#21;��C&amp#15;�q���~H�~RŐ���o�n|�N��:�N��>��&amp#6;TV�[���y�&amp#26;��&amp#31;
AX&amp#15;F����&amp#7;E���p�&amp#16;��� �W�,2I�}4�&amp#20;w/&amp#17;��&amp#5;�V�+1��o	�us&amp#5;:~�+l���r7%��&ejs���&amp#31;Vb:��&amp#23;z�y'{V�&amp#19;���D��v�&amp#0;&amp#20;��׾]�&amp#25;���"հ&amp#2;�F�H]p(&amp#0;&amp#23;&amp#23;����l.�,��EtZc�7���EWﮖ&amp#29;'p��=�����&amp#27;�z�t�+e@�&amp#3;u�bVV&amp#12;\�&amp#21;&amp#1;����Bx��&amp#20;�}=�>b�&amp#7;�~�2��So&amp#23;�q�\qF�&amp#7;)��*\C����8��~��&amp#28;�e�w�X�/����t�Ҹ��bԞ� &amp#14;DbDң��\��3u7-I���%�e�h`$�,�fU��&amp#16;&amp#4;�8a&amp#26;���|&amp#1;�"@d�i&amp#26;k<!Y&amp#14;ì&amp#17;Ԙh�&amp#28;&amp#22;w# &2��&amp#21;&amp#15;KT&amp#6;�Km��&amp#0;`��&amp#26;��&amp#27;�Q���e�r+H��&amp#14;y���%�sz�4#��F&amp#7;�ךG%1^��y��pC�&amp#27;e�w&amp#22;E7+V�j���J&�&amp#23;yVZ�е�c�"��r�=@����&amp#0;&amp#18;���O�8&amp#20;�$��'�;&amp#15;��&amp#0;=�~�K�׫�'��K�0[7P�&amp#18; ʍ�z�&amp#1;&amp#21;�ݕ̾����f��������&amp#26;V&amp#15;ټo�&amp#14;�&amp#2;��:�M�&amp#18;I&amp#25;̭z���(r��&amp#7;;�ţm��ϐ�'�׳�\�{"���]&amp#27;�U���&amp#15;��&amp#3;'��Q��SnO���=��9�:Q�+.Q&amp#20;)�y��s����_���{�y&amp#14;-9���$x̷&amp#31;��(|%f��oؼ��`&amp#31;&amp#26;,�������\{��5&amp#2;t&amp#25;�c&amp#2;K�wn�-��һm��.HA&amp#0;�����zw�lr�Cr�&amp#2;`G.uw)�^m&amp#6;��;&y\�Sb"Md��0�X�P&amp#18;�w�d��"7ru��?�*��/�]��5Z�l[�x^�%M'罌9���&amp#5;��ƴ2��G�'�A�&amp#0;�gY&amp#18;Np��t�J�vµ(u�"��~�|��&amp#2;�@%�T��֘Ny&amp#24;� '^qͷ�&amp#28;&amp#3;�J�6ip�5,&�IC��[9iұ��+s��7��ZO��km&amp#26;&amp#30;�Y����q����_&amp#26;�-&amp#23;U��&amp#30;\eN�Jl�
&����L�H&amp#6;Eн&amp#24;9`Z!����d����̳[���1N]oyr�6&amp#6;ٽ~�J�!1ڲ&amp#30;�c<����=&amp#11;g�&amp#12;&amp#31;�&amp#5;e��㷲��8�Zk�&amp#14;��g�����&amp#1;&amp#19;��&amp#0;�&amp#0;v�G��J顚&amp#14;-a����W�.H�&amp#11;q�;t�6$h?���H�m:�몠�-Q�dk&amp#1;�K���[j{\�52�&amp#11;&amp#14;��l&amp#31;�6&amp#19;�7���L�&amp#29;��&amp#16;O"��]Sʙ[4M<�1�/g���g"�VD�IѨ��'Bf��C?>o�+���}L��U�&amp#21;�tI+�Z��|�v�~?��I&amp#14;4�a��ts&amp#19;&amp#23;�=.&amp#23;��&amp#26;[nX)N猜6�!�7��'-��A�����eq_zyM>=���!&amp#23;@r�Z����f�&amp#27;&amp#1;�N,�řBhL�䨰�(��-�-��ùij�}��&amp#29;b�����ӓ��L���k��%�i&amp#7;&amp#21;)`�0J#��Q�[;4��y��#hV�gU�<�:�*�Y�!�m�&amp#28;?n�v�=��&amp#26;&amp#3;��Uc���Q�R��[��^��N&amp#2;��Am	�&amp#21;�7��5"�p��&amp#17;�&�8B�]�&amp#22;u&�&amp#22;cդ�Z���n�\�&amp#6;�e�&amp#30;�?.�v&amp#4;&amp#20;���&amp#4;�&amp#6;b�f|I&amp#26;ٰ�	w0��>�xs�p��c�*�1γ_&amp#23;&amp#31;��&amp#21;��r�U&amp#7;tɇz�Y�0�&amp#31;锞��y?KX&amp#1;�z�&amp#29;�ٖ��&amp#30;ѕ�M��&amp#28;���q���g�k��W9>��$�xߥh�9��&amp#15;�s���SS4k��|��Va�"��qS�9^}(���s=eU&amp#27;��՝_#�q7��J#&amp#19;0�B��ؕg^�?F���u��z�*�$I��L�&amp#19;T��#���<ϥ���&amp#31;�}&amp#1;�&amp#29;U#��o��� �ۏHu&amp#0;&amp#28;mJ�����R&amp#31;G�{E�&amp#3;���o���|T1^ū&amp#0;^X��Nw��.&amp#15;�OA%��<&amp#21;��,�;걓&amp#22;`Ya&amp#2;,HD�A��&amp#3;|�N훿G���T�w��o�&amp#31;O|��8�ם:��~b��b�Z&amp#21;bS&amp#19;�T�>͡��&amp#22;��U[T�e�U�&amp#24;��t��+ڄ�`�8&amp#31;J�c������M�B&amp#28;�'&amp#1;M��a�&amp#30;�Q�&amp#5;K-�X4&amp#27;&amp#19;���`��h�j+kנm�~�Y��}pgO_v�ej��݈��-H�����Ő�!�"&amp#29;Љ�o��^�y�7�4�&amp#7;$E�s�b��&amp#16;�&amp#20;�5&amp#14;y>�L^ϫn+�MV��Q7**�&amp#21;&&amp#28;�&amp#20;M���.� �&amp#31;y?'Y[MW�0i��;�&amp#26;NΊ+�[fK�ɲYn�n�J�tj��m&amp#30;5ޅ&amp#29;ټ�9o�&amp#22;&amp#0;#�&amp#23;�&amp#11;���&amp#31;%�t���`ä�QB���_@62&amp#7;�m���fƌ&amp#14;&B���(UG/&amp#27;�?�D�M&amp#19;���&amp#6;�&amp#3;S������^��S�/�ۧ��&amp#27;cC���s��&amp#17;'Ʉ�ID^A����&amp#2;&amp#0;ޟEN�&amp#4;�&amp#26;�'Y���+�1w&amp#20;�*t�1��ъ$&amp#31;&amp#11;{��ު�}ψ��J&amp#20;&amp#17;Tg���������c��3XoS&݂S�_z�%O�&amp#14;���Zz���7�No�>V��B{%�H&amp#4;���(�:��K#&amp#30;�%&amp#17;慚�H�)Z�QL֬&amp#26;&amp#22;eҚ&amp#14;Z^��/R�]�����7�μ������<�дC�%�if�&amp#22;��YY&amp#21;,�����&amp#24;�s�&amp#1;��m����f9�ݬ'&amp#4;_��6��:y�.T.�z��B���ר̊^�uT\�ؽ&amp#23;&amp#30;U�5)��&amp#6;4W]_1&amp#27;Sl�o{���l'&amp#28;Y���R��Gq6؍0=��{�n���F&amp#28;1�&amp#28;kn`SlG
�d#��G�q���1��:u~����_j>kQ�t��q9h�&amp#6;�Ij��&amp#14;��&amp#30;�P�J�=�S�m&amp#19;R�q�^���r�����N&amp#31;��1;���&amp#15;5ºw4|�U&amp#8;E�&amp#20;��S���&amp#15;�9���ao>w�G,U{��3v�W&amp#6;&amp#3;G%&amp#17;_;��4Ï�&amp#30;7B�1I'���$���9Zw�x�\�y��hS&amp#12;sa�&amp#16;�]b������j���R��7r���኎���&amp#12;�����N�E&amp#27;�k���1'���&amp#1;?�g{�&amp#19;�u��Ѱ&amp#15;V�&amp#12;	�<ٕ^v�&amp#31;&amp#27;�F1�>�Y&amp#21;���<{��6g&amp#5;��o�X_&amp#25;��2`�*�����IϩF*&amp#3;���؎k�Ĥֳ?&amp#3;&amp#4;p"v_&amp#29;|��q�B���$�s�,^;$��d(&amp#24;�SQ�Pd:&amp#15;l1�X���&amp#23;�$-W4�	��&amp#11;7Yk~#}��z�䎺唞&amp#1;K�u3!��\BS���a��&amp#0;�i�%�b�&amp#0;��(!a�	����B��*�&amp#0;g9��(?7��z���vd��?��a��J8��&amp#22;���+�~��&amp#29;�^ysf;���~րkVssV����G�,ܝt&amp#2;����&amp#22;'�4&amp#0;���mx��lu�l���J��B��&amp#23;L�g;�^���߹&amp#7;-7��l1qK���ruE�&amp#0; ��@���k�&amp#14;����&amp#6;_�&�&amp#21;쮚�۪,�vY�eӰ�	t0��&amp#16;lX�6�|�Q���n&amp#27;?d�&amp#24;#���㳴&amp#24;F&�&amp#7;��&amp#31;�|&amp#15;M*U��&amp#19;�x�o;�_bMU�&amp#22;��M�&amp#18;��ʯ�>:&amp#8;Ǆi���ߨ4�ϸ�Y�B��u��|;�C�d$�&amp#30;����&amp#14;~��\ƪ&amp#14;��&amp#14;�]��&amp#19;.�&amp#28;�z���<�&amp#24;&amp#27;&amp#19;&amp#2;�gRx�O&amp#2;��M��&amp#29;�4�f[X��q�&amp#6;ZҺt:L۲r�5�"qY$�Y&amp#28;�s�y�-�&amp#2;�$%���h=%uSy;5l�$A&amp#29;&amp#14;�%Y&amp#31;��Rd�&amp#30;��=����j&amp#14;<�^@�&amp#31;A�i��uM�{��5"��g�&amp#18;�c4&amp#20;HY&amp#30;�'�&amp#28;��id2`�Z��H�-gY��q���į�9��<���s���+n�0�.V&amp#14;U���ۣ̇�����F[�gh˧︃&amp#20;(ҽ�0�&amp#2;�aO����Sy�&amp#14;Hb`j��z�K)�ήw&amp#11;����*V���&amp#21;ϝ9L�&amp#2;�VtG�yzR/z&amp#3;%b�J�m-?|K_7贎I�M&amp#0;���hQ����"�a�f��&amp#19;=�-G�ݫK$�D�����X2��VlU���Q�:9��jN&amp#18;b=-��&amp#8;��&amp#12;�M��r?��&amp#21;�wi�o���[��a�����L�&amp#21;z&amp#0;&amp#22;n4��a
&amp#0;uyYH��&amp#17;��g�Վ6	�ƍ�M��6(�>;ٛ\9�?��tw�;&amp#8;�&amp#23;&amp#20;}&amp#6;
&amp#30;�N�&amp#2;|�ֿ%~���&amp#6;��
&amp#19;��&amp#0;-v�v�ۖ�Ep�&amp#12;]6�g&amp#27;�X��\s�U�Ί�����&amp#1;B^&amp#11;�ڄ�.ؘM?c��Z�GI&amp#21;Y�n���5o^�U�	̧1Yζnc2&amp#24;��{v&amp#17;�)U}O�į?U��]��*��)���\���-L�:=&amp#17;&amp#19;z�i�,S/V�$9�&amp#15;v\����?12��%M&amp#4;�&amp#19;�&amp#6;^P���&amp#31;&amp#11;�j�k�&amp#19;+���Q�&amp#28;A=�&amp#20;`���A�T����!-�I&amp#20;��M&amp#20;�"XM_jՅ&amp#27;&amp#15;�&amp#21;>Ȩ��?ޜ)��&amp#24;��&amp#21;���&amp#31;l�\&amp#23;U&amp#11;qq�H��֨&amp#18;.%&amp#5;�N���&amp#19;&amp#11;��ꚙ�i�%�&amp#26;&amp#8;~?��ɂ&amp#22;|�&amp#23;&amp#4;���� &amp#1;ȵ���Ń�&amp#18;В��&amp#8;���&&amp#30;�����5uj����&amp#18;s&amp#2;������z�&amp#0;5�Fi&amp#24;d�{"�2p�&amp#2;c&amp#24;�®2oD+[1U&amp#20;�C���7��+v�:y&amp#28;0�Ek-�w�x;w��+��cp&amp#12;�w�+���-ܟ�!܊�縛w	w$��&amp#14;��u$e��9N�&amp#4;��By&amp#27;2)<�B1&amp#25;(��]&amp#7;�:&amp#30;j&amp#25;B&amp#14;�&amp#5;��&amp#0;H���D��&amp#27;�&amp#4;�g>�j�w��&amp#2;�4s�/&amp#0;���|Y�3���?2�h����g�&amp#30;���3ط�!�^�&amp#24;Z&&amp#26;�B�u�&amp#16;$�Z��z&amp#15;���P۵&amp#21;��=��%�&amp#1;S�&amp#22;%M�� �a��ʖ�L&amp#30;É��%vu�yD2@�&amp#8;DIDN;c��;�&amp#8;&amp#14;�狢�5(:�̬p�$)��&amp#16;v�ǟ�:9�"5����jW��i&amp#18;��3߽f���+�Gͮ&amp#24;&amp#23;Y#˥�i�-�o-y/UJ��.��ڄ�&amp#3;m=Gɘ�&amp#17;&amp#7;۹�&amp#25;,�jϊ�|&amp#24;�fP��&�U7&amp#5;_jD>����x�}#����<��3�&amp#27;_�����e�m�J�h�}r�&amp#18;��`�C���8n��!��\����U>���Kp���܏Y�V&amp#21;mp�&amp#3;O&amp#29; q	v�%f�E�М&amp#11;��j��g��&amp#25;&amp#24;���֭&amp#21;q�&amp#7;�%Y�&amp#29;�Xp��u��&amp#2;���Q�IFw��&amp#30;oj&amp#11;w��x���G&amp#11; ��v�4޼!��T�<�&amp#1;�EY-RA�)&amp#4;��5y�&amp#27;&amp#30;�ϣ�f�'��f�ϴ��s2J�$0��WF�@%��p�d�e�&amp#29;,�,�6]v�3r�XM;�&amp#8;�Mo�&amp#6;�ǲ~M�<ף�&amp#18;�U��ã��t3�&amp#30;cbY �&amp#15;����_��,~�������&amp#31;���7i8I����g�M�V͋ q&amp#6;��{_��7���ˣ��8�-�VX���&amp#14;P!��5G^�F&�p
�&amp#23;єX�%��&amp#24;��ɮʵ�)J��̪�7�f���.i{j(&amp#28;$�&��*l�6&amp#17;	�H*�ԍ6Vf�M&��~��V$&����ݐ9��<�����dT��g������&amp#7;g�2��ku4[�Qf`l+-b?b	������&amp#7;'0��G][2^�J�&amp#21;ckU�X�ҏ�B&amp#21;k�~s�*����A�&amp#28;͹�).�9�f��G&amp#15;4&amp#24;�K5��zO[!�/��0���9_��m�>�YT�Պ�"&amp#7;/&amp#14;Q�/O�&amp#29;~z
	?�����uOR�)�;Yǭ��t�E&amp#1;N��h&amp#5;&amp#22;�W�z&�'�[/��&amp#16;"_�kռ&qZ^ �9&amp#12;x�&amp#22;���n&amp#11;eB�K͌̊r�|K�&amp#19;֖�5&amp#21;��&amp#25;`w��&amp#30;&amp#4;��Yh�&amp#16;�&amp#18;�`6��۠��u�n9ۥ&&amp#21;&amp#12;�	���{j�&amp#15;������Ղ��j&amp#22;�m:�R�&amp#23;�̯v=&amp#1;M�?V�u�V�%�e=&amp#14;�pȗ���&amp#7;�<�tusk�&amp#18;f=V�rt�*��c�N�l�|�>��n�&amp#31;��]�8F��鯶|���H$�Vu�#u��J�-��(yFv�M&amp#31;���9ϣ��&amp#19;S��4�&amp#7;{��Y&amp#17;��ޏ�L�j�$�g9��UZl�4��ل�.ય=���&hh'&amp#4;g`'Z�0���U�~���܍{&amp#30;g���e���ը��{j�G"�G�f��m��7��p��}&amp#2;��dJQ�;q���^���?��m�&amp#15;��.��s�Z�ʖd[Ȁ1��&amp#30;&amp#18;7"%��m[�dv��O�7�
�O\ב��	�uX�'���췪�"��nf�Y#�r���Zbͤ�(����&amp#23;��F&amp#23;&amp#25;&amp#29;�6&amp#29;&amp#16;�b�.raN��Z����*&amp#27;cCs]�z��z��b6�s&amp#22;�+�UO6ao������4>��D*�&amp#22;�W���Mf謫�&amp#24;;s&amp#2;�<?�x�aa�&amp#28;X�p��Mi`¬���Wea�Tf�&amp#19;D,X���&amp#22;rb0�7�*�	��g4�͉5�ָ��&amp#28;r�A�Q�_p2(A��惝#=��	ތ�ԝ�ّ&amp#0;�&amp#14;cΆg;&amp#31;f��"(�mL��/�&amp#20;zmN
�MP�ϱ&~�bz���M]9�D�g|G[&amp#1;?�/W��O1�&amp#28;fS&amp#31;�a�A��&amp#11;�;�&amp#30;x�&amp#30;[�u+uӿ�~20��Y�tgfqwjk孮�24�=kj�&amp#30;M��Y�K�j���&amp#5;%��wJ �Hj����k?Z�u ���l�F%�`ե�Y���w�>t^�z��E!���j&amp#30;��j0&amp#18;����_&amp#23;Z���s�},ШH&amp#17;�H&amp#2;2?Ea&amp#21;}�K��Y&amp#3;���zFW��o&amp#22;�gg�`U�ZHV�:*������&amp#1;����&amp#29;�w��AD(&amp#4;
&amp#14;~%r �^�IGL�&amp#19;dY��zx&amp#2;j�E*뎻����N�%I���;��1�h&amp#25;,p�&amp#26;�&amp#16;r1�q�7&amp#20;���u��&amp#18;
U&amp#28;H˖&amp#19; &amp#25;&amp#21;t��EO�}�Ȭ&amp#3;��&amp#3;�;?)�i�Mk|��n��G����&amp#16;��&amp#27;�&amp#30;����+���kn��t�Yg&amp#14;�&amp#16;j�ہ�8��o�qc���	�I+n�&amp#16;�&amp#27;&amp#8;5v���EWr�W+b�"������v�	V�l�����b"N�Xw,�Hwe��=�&amp#19;5��g-�Hkbn&amp#26;�&amp#1;�:A�I6��=&amp#14;�@���O6%&amp#19;��
2y��9�&amp#17;�"����,	i�&amp#2;�.*�F�~%ꇘ�]���G�{Nq�9�@�Ä�&amp#28;j��&amp#28;-f�Rz��&amp#4;(-IxU��ѭXZ�����R��&amp#31;��&amp#0;��M&amp#0;9��G�v��O�l�ʺA&amp#4;�]��N�&amp#31;6��4+jcl1���Ӣ�X�EWn��&amp#27;	K����24ț�&amp#0;+[F�q&amp#14;��Ne�Ǖ/��6�L;͠]=x�Q&amp#20;5-s�9O]�{�=��h�mEXl��&amp#17;�3�(T�P�'0,�Nղ V��&amp#24;�&amp#24;��	��wP���O�&amp#31;Ò�&amp#8;U�\$�fO��k&amp#19;&amp#21; ���K�-!�K&amp#22;f&amp#27;�Y�<^U&amp#23;�MGB'&amp#16;.�:&amp#23;�.���&amp#15;��Ö|��1�d[�VB�P?I���[Zw��&amp#5;I���&amp#7;C&amp#20;%�Q�(I%5&amp#29;{֌q�X�;&amp#11;tOv���#��7�WUI��&amp#21;kQ%�Ac�ؗr԰��n&amp#29;m �E^5%׵�E�L�&amp#31;�����&amp#26;_�&amp#3;Ua�`�2�N#4c�&amp#26;�X&amp#21;aj&amp#28;KQ����H&amp#31;78&amp#29;&amp#24;�8����&amp#17;d�:J�p�.`�}�&amp#8;m$^t���&amp#17;&amp#7;7hS����uj��h�\�&amp#23;�&amp#4;�_v�/X���܈��&amp#26;b���&amp#0;�eX1&amp#12;�BPq&amp#19;��>��A&amp#20;��Z��a&amp#11;&amp#30;.&amp#28;�&amp#29;&amp#7;>���Ciy_��goq/mM��&amp#23;�:�q�bp7�&amp#18;&amp#2;N8���&amp#20;�F�v�&amp#19;��ѡ�&amp#31;��aW�տ��&amp#0;��$�Ns֗i��klf��m�]oi�=�&amp#14;c�>\V����s�>�Ib��%[C^t�>�d�F�ϧ��ne!Xڵk�ޝE�=T�gp��
;�J&amp#20;��Q�s}9rT&amp#25;�Z�������yί*�U��*&amp#7;��U�F�'�<�>ⷪk�k&amp#27;M���&amp#26;*�i�_�������Ђ�S�]f��Ԃ&amp#8;T���&amp#20;�&amp#1;&amp#19;&amp#14;&amp#29;&amp#2;zN0�=-�Yl&amp#18;l:��O�����We��^9��i/3���E���P�6+貢�&amp#20;rt^�&amp#17;��r�&amp#17;�e�+]&amp#31;����+!1Ţ���&amp#5;����'�?�Yƨ9���%�:��jS�agy�Si\P�^��mQ��&amp#0;���3nԷ&amp#31;��e��MLݹ��h�፲�-�&amp#28;I�&amp#4;ј��ŧj��&amp#2;�&amp#20;��Fh*ӡ:0�&amp#21;i#&amp#28;+E����&amp#30;��S�z&amp#28;���u~&amp#18;�2&amp#0;�I�A��r�>���iܘ&amp#25;<F8�͞��
Q&amp#26;�3�&amp#31;&amp#20;o�.�&amp#1;M�&amp#8;��&amp#20;�{{��ѕ��U&amp#26;�<��y-&amp#28;�X&amp#19;��!��9��cu+&amp#12;�?W�{����/�$F�M(Ҩ!��(t��U&amp#20;&amp#17;{�c
&����^��{�mW�%u����Ҩ��3J���&amp#22;��eG�����O�i�&amp#23;徬�ԯE�f&amp#16;��/��(%���&amp#5;9|�y:�uS�M&amp#7;&�H&amp#29;�&amp#25;WZ�[��&amp#15;Zr&amp#7;]����˂�v�r5M�VGr�CqT&amp#25;�O�뀾�&amp#30;��}tTG*�"@�_;.JB��*&amp#28;�&amp#14;��龔�͌bH��	U|Z96	1�y��K&amp#8;l"Z
9l�;&amp#19;(��C$�&amp#31;W`nF�d����2���'&amp#16;��j�&amp#23;>�^��ѩP��z&amp#19;1�y�>&amp#18;x�Z��y���+ٹ�	��b�����'rN�;�;�FKH&amp#31;��W�o�&amp#31;7&amp#14;�&amp#23;�&amp#7;��*^��n��,��M�Yl�&amp#11;����&amp#28;�&amp#26;�J�F��*v�I�ν)&amp#27;��-��0�_XBz9�eOZh4F����7&amp#6;�O&amp#4;ؕtb�&amp#28;5 ;4++�w�Mc�&amp#19;~�&amp#4;�k�L�Z�2߸V��M&amp#24;�|&amp#4;&amp#22;�<&amp#0;g���d���&amp#4;G��L�Xđ�pM����'&amp#21;����0&amp#8;&amp#12;-&amp#28;(�`�@&amp#28;I�g�[�&amp#4;v�){��G}Th�g&amp#24;:HD�+"������#��|�&amp#15;�9�O�]Z,�F��y-�&����O�e�[�'��22&amp#6;C����&amp#17;�&amp#6;Q�&amp#7;�A�_2�Kr����*Y&amp#20;z@��~��������h/���F驯t{����ҵ%_�U�~��&amp#27;���4т�weG��Q&amp#4;����c'��;5=�V�eY}�ƽ�Ғ��Ůw�ru��\�r�Cs�i1%�+�W�}��&amp#22;Y���U��&amp#25;�&amp#30;��5��t��Ld�}&amp#15;�>B��D�&amp#18;�&amp#23;&amp#22;�m&amp#22;�q�ZO&amp#27;�z��&amp#27;�G��ʺoӹ��X&amp#11;݊:�Z22h'�>gW�Νl�3h��&amp#21;&amp#31;&amp#30;��V�\��8#�&amp#6;�q�����G5-�bW�&amp#25;��$����&amp#0;�ҽhөK��0�D�`+��u+�&amp#0;��Q�f��9}���\c�9��y�+EY�2�0n"�[a&amp#8;ei5�(H��L�&amp#16;&amp#15;��&amp#29;ud����_�&�&amp#25;&amp#31;&amp#31;�e�X(&amp#28;�u&amp#29;����v�.7+��&amp#24;�&amp#25;&amp#20;u�Tg&amp#26;&amp#15;qI��&amp#1;r�\h��\�����^�����0g0&amp#23;&amp#23;lkA��'���&amp#17;�&amp#24;�rP{��bN=���,Z��GcJ6&amp#12;$�z�rdG.|.��sQg����5KG=p�@:���g�%a������&amp#23;��*�&amp#20;&���\&amp#11;�~�h|���k�g�_�?O}_�67�<&amp#31;�JY^Xyn�P&amp#27;=&amp#12;�&amp#28;��g�~g�u&amp#7;H��>kFJ&amp#3;&amp#24;U�~p&amp#15;�4�ymt�O�kݜ{���{���[Qխ�Vf��/D�OJi�&amp#23;�m�g/j�&amp#15;�{&amp#15;�.r��h�ʪ�F��Ś��&amp#20;v�JM��vğ��w�3�?w-S&amp#23;�&�&amp#17;���$~����m�s�Y�w��w�(�&amp#23;��K֒���&amp#30;��n��Q�j�ھ���q|~D&amp#15;�k�Re&amp#11;A�WI�&amp#19;2���
d�#&amp#26;	��c.�T�.�b�,~�#5�&amp#14;Lu�e#jz���RU&amp#27;���e�F����=��&amp#28;��,&amp#8;{�&amp#14;&amp#24;��N�k覛Z&amp#23;�%�yS;�b:~��&amp#3;
[...]
!i�H&amp#1;b&amp#6;�r&amp#18;K&amp#7;&amp#8;7�᩸a�@�����&amp#2;�&amp#12;�Ӈ"����&amp#7;g���}&amp#22;_&amp#27;p/(Bf@��=�&amp#7;-i^vr���&amp#0;�<�&amp#14;�5rF����Z�>F5�=���] �?bMs"35d�&amp#27;[���P�y�<#����ˍ�!B��`'��&amp#23;2&amp#15;��&amp#3;�`�@ &amp#23;?� ��������&amp#7;&amp#8;&amp#26;��&amp#8;�����"�RCI/�!������&amp#30;H����D&amp#6;=�&amp#2;�B��&amp#0;��y&amp#14;⡛&amp#17;����'H�&amp#5;�ȃ�&amp#2;+�&amp#0;�&amp#5;cx���&amp#25;�
��g&amp#24;9��[&amp#12;��I2�vM�ê u&amp#27;��h��D�n �ğ�Gd�&amp#8;*&amp#25;��&amp#18;&amp#20;mnა+�a=�0F�,-1�&amp#18;&amp#3;�$�&amp#4;���"&amp#5;�R�>	��ZZw�.�c�&amp#30;{Z^G�%���&amp#3;��&amp#24;m��g6��۳�<NŠ��A�mSbbn:;&amp#22;1�l>&amp#8;x?�r��Wf;�)51�\`�&amp#17;�y��r��h�&amp#25;�a&amp#17;%��S�X�$I��~�&amp#30;�ͼ&amp#6;"&amp#17;�&amp#2;��&amp#27;;������m� �&amp#4;��Q&amp#29;##��&amp#7;؞�9�xc*��햑��+v"j�&amp#11;ή��,�&amp#24;��&amp#16;�0X&amp#6;��&amp#20;���$Npa�币!�&amp#7;&amp#30;&amp#19;�&amp#16;��&amp#17;���&amp#14;&amp#21;�fs6�&amp#26;r
&amp#22;��X&amp#19;/�&amp#25;��bT�O��n�bae���c#g&amp#0;
a2���XB���� &amp#14;&amp#3;���Ǜ&amp#16;A���&amp#16;&amp#3;&˟&amp#24;�&��+&amp#12;.��#&amp#31;&amp#1;&amp#22;���#H��/&amp#18;&amp#28; �&amp#25;&amp#6;�C��4=߃���&amp#4;S�� �n����jp��~�&amp#1;&amp#30;�C��&amp#31;�wB9��Y:6ȑ�����y��H�a�-!�&amp#15;�&amp#14;.&amp#25;m�)�9&amp#14;�]Qg��X��&�&amp#22;&amp#28;U�x�>?&amp#0;t�J� &amp#22;��S����O��9�ND&amp#12;=&amp#4;`ƌ&amp#27;<&amp#21;�D[�I�a,&amp#1;4�6�P�#��r�W&amp#6;�&amp#17;�`&amp#29;�O�&amp#5;��Xa@�6&amp#0;S@��t�&amp#23;&amp#15;��9�(�&amp#12;��&amp#4;�ł!!&amp#5;"!rCA��u&amp#28;6&amp#12;�'h6EA&amp#1;J&amp#31;&amp#7;Ք��&amp#16;F�u�B"�&&amp#25;�9;+&amp#11;{�����&amp#25;&amp#21;x�O~&amp#20;���6&amp#17;�dd�[���&amp#29;|�L>1�]&amp#11;s���&amp#23;�����&amp#24;t�V�9&amp#16;6&amp#15;������&amp#4;0&amp#15;����6�����ȗ&amp#0;�&amp#3;��8��J&amp#20;)&amp#1;@i&amp#22;�F��_�*�f&amp#6;|�~E?/�#�\�f�e�&amp#8;e�ɸH��,	�YN&amp#18;�pW/l�nL�l搏O=��2���
숻l��PGv��~��6�ջAO&amp#2;7&amp#27;w#f&amp#4;�9G�N�5�ПrM�-X&amp#8;�&amp#31;"gvYP&amp#22;�&amp#3;&amp#20;"!e&amp#26;&amp#12;�&amp#19;���%NC��&amp#27;&amp#0;���eY�:�&amp#2;�y;&amp#18;��&amp#1;��&amp#20;�d��F`h��[�TP�D��~�tl &amp#26;&amp#30;� &amp#16;KrI�G��A#���.&amp#8;h�M&amp#17;�a"����&amp#17;�&amp#5;�I˶��/	۹��^Tq|&amp#2;�qH&amp#6;�s� g�?��x�lI�&amp#8;�/�&amp#15;�qNq�ȯ�&amp#6;&amp#11;+���c�&amp#7;�k�5&amp#19;�G�x�Q&amp#24;i�G�&amp#1;�&amp#17;�[�#&amp#1;7�����n��&amp#0;����s�6�&amp#16;!:N��,&amp#22;&amp#2;C�%�.�́]�b�{uv�&amp#11;��j>&amp#12;&amp#0;`E/���H�&amp#6;h&amp#1;dh?&amp#19;&amp#12;�m�a	��&amp#29;$�7�>+�2&amp#19; ���)���L[�<�+�&amp#26;*b|�=���v�&��F������&amp#21;&amp#5;ҮZ&amp#7;����4&amp#11;&amp#3;hV��&amp#27;V��ZD�X�yhr3#Rt�B&amp#28;��&amp#4;P���&amp#24;F"ۀBxfĳ�&amp#8;��Q�L�� &amp#21;�&amp#4;�!��&amp#8;�g&amp#1;o{D���."��&amp#11;�`��/&amp#31;&amp#26;���&amp#6;r��2@�$�&amp#14;S�\{&amp#20;H�&amp#15;&'.�n&amp#18;_&amp#17;� �'&amp#5;�?��@��	&amp#6;6��>\4��]�&amp#17;I�y��(���Dy?&amp#19;�a���,H&amp#5;�/�|��?&amp#28;,8�<�3g&amp#17;&amp#28;�bD=��&amp#18;�"�2&amp#3;&amp#16;�W��}d��r�'�C���� ���(c�E�L�&amp#25;&amp#20;؁�L7�c&amp#2;,NN�(�&amp#8;�&amp#2;!U!&amp#25;�Qu�L���꪿��&amp#2;�_&��&amp#11;u5��&amp#23;H�h�f�k�&amp#5;&amp#26;p�|+�&amp#23;3�z�/�� j@&��]�(UN�&amp#24;�XP,�2Y��ns�&amp#21;d��\��W)����1&amp#19;��˳.O
PR��.%&amp#14;�\�A���&amp#12;����&amp#27;��{�s�p>��&amp#0;d:��R�t��ѹ~e�[&amp#31;m�2=�&amp#18;y��ne�D�&amp#27;&amp#15;&amp#28;�;�0�&amp#29;&amp#19;�Y!9�����_3�&amp#18;&amp#12;�^E��t*e�&amp#11;`��m�M�J�&amp#4;/&amp#29; &amp#3;,��Nn&amp#5;�2߶�&amp#0;�?B��r&amp#28;�&amp#1;��&amp#22;��&amp#6;K��7"��w�&amp#1;�_Ǚ&amp#0;�����|��,�&amp#24;&amp#23;"&amp#27;�&amp#31;0�7*��p%�&amp#19;�&amp#8;Q�&amp#0;����svР!�&amp#27;&amp#17;� ѩAG1&amp#30;&amp#18;C&amp#11;�茥&amp#22;I��θ1kˀ�&amp#6;��@&amp#12;�`5&amp#3;QRzgI)&amp#6;�ʂ&amp#15;BL��M�]:$�}
��^�q�#@&amp#24;&amp#27;�VuP����^���X8&amp#22;&amp#20;�n@&amp#20;�\�A&amp#21;��ȉ�&amp#27;&amp#11;t�V&amp#23;a1��fn)s>��g��&amp#0;&amp#17;ǒp�&amp#14;�&amp#25;ZR&amp#20;8�&nL�۱ύ�-�o��>C"X&amp#6;ze�"�����o�����h�	��0�&amp#26;c���r�&amp#3;=�'C�Y�Z\�"8\��@�&amp#1;��7q�GJ5c3,&amp#20;��v2X����!�ׂ?3&amp#26;&amp#1;~O�&amp#19;,v߅ė�0�ض�.�&amp#27;�&amp#11;&amp#15;��>d�C�"�]��jH��|&amp#18;#`�y���o/��&amp#0;�$��y�S�&amp#0;&amp#26;��=��&amp#1;3����&amp#26;�&amp#22;�@gÏ+H�	��&amp#6;&amp#0;���Α&amp#29;x���&amp#0;��^�|�P1/8&��x�X�h&amp#5;RA<�ŋRB��-^�� ��&amp#29;��>&amp#18;@&amp#3;C��*�eh4(&>E�ns�˒���+�6�����!&amp#6;YͶyt�e|�-&amp#8;���>-�/N[1���&amp#22;N�dy�9�&amp#30;d��D�Z&amp#22;�L/��G�!�&amp#24;&amp#17;��ئ��2�rz&amp#0;r�&amp#5;H�vٜ��e��B~�{&amp#31;&amp#3;g�q�m&amp#28;˃r��0K��&amp#20;�$�(&amp#0;-�"�$��N��_�ɿ�Qp�&amp#7;��&amp#6;X"��ה�&���|&amp#19;�-�M����B>��1���e&amp#19;��1b�r&amp#7;�p&amp#5;��&amp#23;j�'d"���	�2�&amp#7;�:&amp#6;+-&amp#18;5���0z\z��3�&amp#5;��H�7'�m&amp#25;�&amp#6;T&amp#18;��$�i�Y��&amp#16;�`\��&amp#4;&amp#22;&amp#18;Ϛ&amp#22;�?�&amp#5;��Ɠ&amp#28;!�Q�tjY�p&amp#11;���!br�&amp#11;&amp#1;��F���Mw�3s� ۶�[�&amp#14;	jG�͙=��r �k-�&amp#16;��,�X&amp#23;䟭�-&amp#26;4!&amp#2; �&amp#23;&amp#22;�.�&amp#4;��ֳ�&amp#28;L�&amp#14;_��&amp#16;��0�&cS�a&amp#22;���R�&amp#15;a&amp#15;�0��&amp#6;���w���%���7�$A-&amp#21;�&amp#11;:�NOo�	�&amp#8;_�.��U>,&amp#4;�H$���&amp#23;O�&amp#4;��[�&amp#12;>(&amp#3;���MOR�>P�~&amp#1;+%<��.��r{kpN��B&.0e&amp#4;J)k!�]&amp#2;&amp#15;�&amp#25;�w�T�+�&amp#12;&amp#4;����&amp#1;�&amp#4;-&�&amp#3;'&amp#26;��&amp#28;�.�pa)�
OR�X��&amp#24;K��&amp#8;�{l&amp#23;M�}�����Ԗ&amp#20;	$AXQ�CG&amp#12;��&amp#19;�݊&amp#24;�F~&amp#20;l?�ϛ:[�&amp#6;��&amp#20;w]��,�&amp#21;�����y�wlM�e���&amp#16;^\̗�&amp#15;&amp#5;�ϊ.�v&amp#8;q؞��&amp#19;m�^x|(&amp#23;f&amp#27;�&amp#0;�;&amp#28;"L��T���e)F+�d�&amp#24;ŉ�vH˃!��&amp#16;�&<'c���<�t1�xĈ�@8�x���T&amp#7;`�6�32<�m&amp#19;�6n&amp#31;!�bvs岳�'&amp#27;O&amp#1;ǡ]J��&�&amp#25;.��^M�e�dx&amp#23;&amp#24;|�� �j��XY����&amp#0;�.�Th5I5@%V@:�`�	�[2�&amp#0;&amp#8;�Q��HoF�+#����!X�h�j:JD���!,�(���,�f�H�:H�&amp#15;a�n�ޝѤ�&amp#11;�P%�8�q&amp#15;&amp#3;�k6�����h_���&amp#6;&amp#8;&amp#0;Z`�&amp#8;�M�,���&amp#0;>&amp#31;�'ȹF&amp#5;wg*���So�f&amp#15;�*&amp#23;�`Z��e�d��^�&amp#19;I&amp#19;��&amp#14;�I/Űo!�o�j�ن37&amp#0;�$&amp#17;��&amp#30;&amp#6;
�k�&amp#24;��h���c6/��ဌ�&amp#23;�v^rE9t9n6b�x������3�&amp#23;�Xt&amp#11;!'&amp#5;�����b�&amp#17;�r�lVwSw!|u�r
X�/��&amp#18;{9�e�&amp#24;Y&amp#7; &amp#7;,�/._�ʷ�&amp#28;&amp#22;B���F&amp#8;r�ƌ�~R�&amp#25;&amp#25;�u��&amp#31;��|!�&amp#12;&amp#0;$MaR�&amp#0;&amp#29;��H�j�&amp#18;�&amp#29;�XD,�[��|&amp#24;�G,�%Dr��]B&amp#1;��)�\���&amp#16;���q5�F�&amp#25;6ˤ�qS&amp#14;�(&amp#11;>�K��	&amp#2;&amp#17;0&amp#17;do���� &amp#16;sV����&amp#16;gc��g�`O���&amp#23;ǒ���,��պ&amp#16;��&amp#18;�^&amp#16;󧇂�&1��&amp#11;��&amp#20;��������&amp#27;<�{~G��Vn(1�p&amp#5;���E�ٓ�g˥�C�#؎�~q+Ȱ���&amp#27;����b�h	bbI����w��縓��&amp#1;3'&amp#12;؎BSP�&H&amp#12;^�����l�f��	��&amp#7;�Ĉ'#Ö���o&amp#5;�&amp#11;L�Lnڟ��Bm&amp#6;

�&amp#3;&amp#14;���Ac���c��j&amp#20;��j7ґ�&amp#20;�޳H	�S�����-�m�&amp#12;�&amp#17;qi&amp#1;���39�&amp#4;rd�Ca���ؐ󸰥&amp#0;ş&amp#21;`�Ȳ�T�&&amp#15;&amp#22;2VTu&amp#25;�T�&amp#15;�}�&amp#12;����l&amp#30;08���&amp#0;����ާ�>׽���&amp#0;�&amp#18;��NgH�&amp#17;�9���s��a�P~:���a�U%2��&amp#6;p����C��&amp#17;K6>nND~v�4&amp#14;g3&amp#25;����py�vK&amp#7;�&amp#1;=���+&amp#27;&amp#15;/���"�n&amp#18;xtE�<>o���&amp#25;�Ϙd�&amp#17;�Y3u�9&amp#17;�&��x�
h:^��&amp#4;�&amp#3;�&�e=g@�v.2&amp#31;ū�&amp#2;l�&amp#22;xǻ-^y&amp#18;v�c#�\&amp#12;�|&amp#7;�L+��.�&amp#30;�:��$Q�Nۛ�W��Ĉ�&amp#8;1$�^"&amp#2;$�F�ǥ&amp#2;�޶E�2C� &amp#24;�&amp#0;�E#&amp#4;�&amp#22;ٓ(�)���#(&amp#28;���R�l�����H&amp#21;���h	T/�&amp#8;$��I�&��&amp#4;�k��\&amp#31;��Z~|���䖔&amp#27;R�a�C&amp#11;XͿ!��M!k�3�.1�`�<&amp#17;6M`�&amp#8;M��($o��&amp#0;䓆9����$I�0��{`,�&amp#25;&���0OM����&�(�A&amp#8;����߃&amp#21;�%l�{2O���fD ��&amp#19;��'���|&amp#2;&amp#2;&amp#5;�7���hD&amp#22;8��s�되&amp#18;���&amp#5;�&amp#23;���/�&amp#15;��'�Z�$$Nc&amp#19;c9n7&amp#3;f�3���; &amp#2;C��%,R73�&amp#3;��Z*
&amp#20;�p�{&amp#28;wr���,�LzT;c΀��up�G�^>&amp#28;��M]w�,�
�[b�&amp#20;,�Q�hpdH�Dw�B�� �4�S莋&amp#1;C&amp#18;�5#B�K��I�&amp#21;��RH&amp#12;���>@�#��&amp#4;�|���&amp#26;S&amp#6;<H�$�&amp#19;��|&&amp#21;͕�0&amp#21;�D�@��&amp#1;�����&amp#2;�:��8��(&amp#19;&amp#15;o&Cp"&amp#4;�� �&amp#0;�1r&amp#23;�@]�	&amp#25;&amp#4;9�Y#�&amp#16;��ɇ/Ŀ&amp#6;�&amp#27;�K������[G�&amp#22;Q���D\�UZ&amp#19;���m�&amp#27;Y�|M��#�oҐ������G�Θĝ�� �A�f&amp#6;&amp#16;���[a��$'!D�&amp#6;�l�Y/&�MĹ%:K2�`��3�&amp#14;�;��&amp#16;;�<�^�&amp#31;�&amp#7;�&amp#26;��k޲&amp#17;E�DY�h�&amp#24;@�&amp#22;�w�&amp#3;2�`V&amp#5;R&amp#20;_�;&amp#17;�n��t�@�&amp#31;ǐ,�v B@О�hw&amp#5;�i|qa�hi�<k��	p&amp#31;*�k�K�.&amp#17;&amp#4;~G�f0AtE��&amp#17;�=���S��&amp#28;b�L�&amp#0;C���&amp#5;����	��x��&amp#30;��V&amp#7;#A���6�N&amp#23;u�GQe"7�&amp#25;���2dotgu�G�XPv&amp#16;���F����4-�&amp#0;��K��2Z�&amp#18;�&"0)�&amp#20;�K�&amp#7;�
[&amp#6;&amp#0;�-p&amp#3;D&amp#22;&amp#6;����&amp#21;�D��8��aMH<�&amp#12;��&amp#25;&amp#8;&amp#27;fyj!�Ǥ&amp#3;�s�����&amp#0;�g��o�&amp#0;��?&amp#12;T&amp#6;�*V1CN"���&amp#0;&amp#19;1�&amp#7;��B��~3�&amp#12;D�h�c&amp#4;&amp#4;w�^&amp#11;�nVLKFp&amp#15;��|�&amp#4;� @�&amp#7;�&amp#12;@&amp#2;�&amp#28;���&amp#19;B�]� ��Y�BlC�&amp#27;&amp#29;�C���Pa�3C]'F���k8,w*�pO&amp#22;Dp<�{&amp#7;���L�Hi��&amp#11;&amp#23;�����a�#��f�+[&amp#17;!�_�As�:��xu���"&amp#31;!&amp#24;�&amp#24;�y�Ԁs�&amp#30;�p˗!^{�3�&amp#17;�Ԭ�&bd�7pd&amp#16;!�>&amp#1;�Y�[�-/���9s��#���%��э�&amp#11;��:j�$e&amp#0;���s�+%&amp#4;&amp#27;Z&amp#24;p&amp#22;h&amp#22;�&amp#15;&amp#0;_�e�&amp#27;����G+��sH);��F�K؉�OK8�&amp#0;"�JL�&amp#6;�3��fN&amp#22;[@E#R��&amp#29;�8�"(!l>�<J���y�!&amp#16;�&amp#16;�{lB�ە�$�&amp#11;���.���&amp#12;�&amp#25;�&amp#0;D&amp#20;|��^&amp#6;��,s&amp#6;�B��+&amp#14;{4@�&amp#12;7&amp#4;Y�*&amp#27;\^�&amp#25;B�FX�e��K�r,yb&amp#8;�&amp#11;��H���&amp#8;ف&amp#25;��go�V�m���F&amp#7;�&amp#0;&amp#24;��/ɱv�&amp#14;���	X�,X!��-&amp#2;=�&amp#8;����g9&amp#6;N��m	 �9`� 0&amp#23;'� �&amp#24;���e9&amp#29;�\�rp�-]�����n�0��.	�Y�7܃�J��&amp#4;���q�����KtG��i�&amp#7;�&amp#3;>�!��&amp#24;�O�a:&amp#28;���rN&amp#4;�Cź��l&amp#26;0��d�&amp#17;�&��n&amp#12;>&amp#25;(RA&amp#26;MKjm�&amp#22;-I���&amp#17;�l&amp#16;a&amp#8;��X4�Ďd�&amp#4;�0��&amp#25;�&amp#6;)ǝ&amp#2;�+@�1�9���5D0z^E���j�&amp#18;'�1�\��E��m@��f��&amp#16;2VZ&amp#2;�&amp#26;�����~E��#�&amp#24;��_�+�8��t6��4#�����H��9kd�,�.9�&amp#31;���KA�&amp#4;5Q�&amp#6;X��$��&amp#16;�t��,3&�&amp#14;Ɗ&amp#25;/�a���|�<U��&amp#30;ˎZQ��н�ې&amp#11;#>&amp#14;�6�_�+�#FG�&amp#19;T&amp#15;�;�L�ݍ!&amp#5;X0���~0�x�&6O�H�bgY�r��b7&amp#11;�&amp#18;�Ϣm��|�^|�Av.&amp#28;^�&amp#0;&amp#8;�[��Hg &amp#14;A��Q&amp#30;n�&amp#6;&amp#17;e�2s&Z&amp#20;&amp#6;54&amp#24;0�
�_s#b�iF�,&amp#12;l&amp#8;`�&amp#0;&amp#24;&amp#0;!&amp#5;&amp#21; 9/�I_���((u�h��9�2�&amp#23;���U���.qY��2a�&amp#31;&amp#8;&amp#16;�2�:d����� ���&�l]m��&amp#4;��m�,��&amp#15;���"l4�<���B��&amp#18;��2�[.�7��&amp#16;�Q����0���{j&amp#29;U��,�P�&amp#21;�&amp#8;r�/�.&amp#21;�� g�&amp#21;ج�&amp#11;)�Ϙ��9[xq@&amp#8;&amp#30;������W��l3���g��'izM&amp#11;/"pe!ᓺ�*�u;Y��ȸ�ilI�^&amp#6;���Q&amp#0;`�{�K��9fr�&amp#25;-�p�v�$SP�P�wEg!�&amp#24;�&amp#12;>&amp#19;�&amp#11;�j�&amp#6;3���@�&amp#7;��x��ԃ[E!�&amp#6;&amp#1;&amp#29;�&amp#5;
-;�NA&amp#1;�sj��(�%�Pf
�a]R&amp#29;$@�!��X�s$�\�W&amp#7;�fD&amp#19;F#��&amp#5;&amp#15;Bm��&amp#20;�a�`&amp#15;�8&amp#2;"&amp#8;Ռ,hH`lz��w���#c�gr>9&amp#27;�&amp#1;ɜ��&amp#19;�|��&amp#4;�&amp#12;��Ė(&amp#2;CAf�&!�[�L�!�&amp#3;R&amp#3;I"�d�AۅPB~M&amp#4;ۨ���<�&amp#30;0A �St�	l�&amp#4;�0&d�a1�:&amp#31;m&amp#30;B&amp#22;�X>�-<-<��&amp#17;&amp#29;GtA&amp#29;&amp#0;&amp#12;(�VI�k&amp#28;��\3n&amp#29;�&amp#29;\`&amp#30;K&amp#19;&�&�&amp#12;ir�к&amp#20;%��Z&amp#4;�&amp#4;,�F�&amp#19;&amp#5;Vm&amp#0;6B0�&amp#0;y_g��Z���>@�|#_�����A�Q�}&amp#6;��5e��&amp#2;�ð\p &amp#2;�rv쁉ǩ*��`@d&amp#21;W}�(�&amp#6;ې6���u&amp#29;	{KJ�&amp#12;�͙&amp#22;�-�&amp#4;��!&amp#27;�4�oUλӄ�&amp#25;�[&amp#18;��"Ù�!6K�@��v4CD�.Y�'�I0#���&amp#6;~:.�m�&amp#15;�r\��&���|�;&amp#1;?Zʬ�E�E�;P&amp#14;SDq#�\O&amp#12;�3&amp#6;�?��&amp#15;�&amp#2;L���8&amp#17;���\g7��&amp#0;#&amp#16;&amp#1;&amp#0;&amp#2;&amp#2;&amp#2;&amp#3;&amp#1;&amp#1;&amp#1;&amp#1;&amp#1;&amp#1;&amp#0;&amp#0;&amp#0;&amp#0;&amp#1;&amp#0;&amp#17;!1&amp#16;A 0Qaq@�P`��
Body:			<none>
HTTP/1.1 201 Created
Date: Tue, 21 Jan 2025 02:44:59 GMT
Server: Apache/2.4.52 (Ubuntu)
Content-Security-Policy: default-src 'self';base-uri 'self';block-all-mixed-content;font-src 'self' https: data:;frame-ancestors 'self';img-src 'self' data:;object-src 'none';script-src 'self';script-src-attr 'none';style-src 'self' https: 'unsafe-inline';upgrade-insecure-requests
X-DNS-Prefetch-Control: off
Expect-CT: max-age=0
X-Frame-Options: SAMEORIGIN
Strict-Transport-Security: max-age=15552000; includeSubDomains
X-Download-Options: noopen
X-Content-Type-Options: nosniff
X-Permitted-Cross-Domain-Policies: none
Referrer-Policy: no-referrer
X-XSS-Protection: 0
Access-Control-Allow-Origin: *
Content-Type: application/json; charset=utf-8
Content-Length: 79
ETag: W/"4f-+336Xyb4GBeunPIioI2bXGZN214"
Vary: Accept-Encoding
Keep-Alive: timeout=5, max=100
Connection: Keep-Alive

{
    "productId": "678f0a2be2b5443b1f2daa37",
    "message": "Product Added Successfully"
}
]]></system-out>
  </testcase>
  <testcase name="createOrder" classname="restAssuresTest.ECommerceAPITest" time="0.895">
    <system-out><![CDATA[Request method:	POST
Request URI:	https://rahulshettyacademy.com/api/ecom/order/create-order
Proxy:			<none>
Request params:	<none>
Query params:	<none>
Form params:	<none>
Path params:	<none>
Headers:		Authorization=eyJhbGciOiJIUzI1NiIsInR5cCI6IkpXVCJ9.eyJfaWQiOiI2Nzg1OGM1MGUyYjU0NDNiMWYyMjA5ZDIiLCJ1c2VyRW1haWwiOiJhd2Fsa2VyQGhvdXNlcmVhbC5jb20iLCJ1c2VyTW9iaWxlIjoyNTg0MjU4NzQ1LCJ1c2VyUm9sZSI6ImN1c3RvbWVyIiwiaWF0IjoxNzM3NDI3NDk3LCJleHAiOjE3Njg5ODUwOTd9.lYB1BhbJUrU3-q2xzpBO0rjCAOe6HORAVyxZuyxKqoE
				Accept=*/*
				Content-Type=application/json
Cookies:		<none>
Multiparts:		<none>
Body:
{
    "orders": [
        {
            "country": "United Kingdom",
            "productOrderedId": "678f0a2be2b5443b1f2daa37"
        }
    ]
}
HTTP/1.1 201 Created
Date: Tue, 21 Jan 2025 02:45:01 GMT
Server: Apache/2.4.52 (Ubuntu)
Content-Security-Policy: default-src 'self';base-uri 'self';block-all-mixed-content;font-src 'self' https: data:;frame-ancestors 'self';img-src 'self' data:;object-src 'none';script-src 'self';script-src-attr 'none';style-src 'self' https: 'unsafe-inline';upgrade-insecure-requests
X-DNS-Prefetch-Control: off
Expect-CT: max-age=0
X-Frame-Options: SAMEORIGIN
Strict-Transport-Security: max-age=15552000; includeSubDomains
X-Download-Options: noopen
X-Content-Type-Options: nosniff
X-Permitted-Cross-Domain-Policies: none
Referrer-Policy: no-referrer
X-XSS-Protection: 0
Access-Control-Allow-Origin: *
Content-Type: application/json; charset=utf-8
Content-Length: 123
ETag: W/"7b-9hbwCepVrvD0uk50QP8b8IUEXXU"
Vary: Accept-Encoding
Keep-Alive: timeout=5, max=100
Connection: Keep-Alive

{
    "orders": [
        "678f0a2de2b5443b1f2daa3d"
    ],
    "productOrderId": [
        "678f0a2be2b5443b1f2daa37"
    ],
    "message": "Order Placed Successfully"
}
]]></system-out>
  </testcase>
  <testcase name="deleteProduct" classname="restAssuresTest.ECommerceAPITest" time="0.908">
    <system-out><![CDATA[Request method:	DELETE
Request URI:	https://rahulshettyacademy.com/api/ecom/product/delete-product/678f0a2be2b5443b1f2daa37
Proxy:			<none>
Request params:	<none>
Query params:	<none>
Form params:	<none>
Path params:	productId=678f0a2be2b5443b1f2daa37
Headers:		Authorization=eyJhbGciOiJIUzI1NiIsInR5cCI6IkpXVCJ9.eyJfaWQiOiI2Nzg1OGM1MGUyYjU0NDNiMWYyMjA5ZDIiLCJ1c2VyRW1haWwiOiJhd2Fsa2VyQGhvdXNlcmVhbC5jb20iLCJ1c2VyTW9iaWxlIjoyNTg0MjU4NzQ1LCJ1c2VyUm9sZSI6ImN1c3RvbWVyIiwiaWF0IjoxNzM3NDI3NDk3LCJleHAiOjE3Njg5ODUwOTd9.lYB1BhbJUrU3-q2xzpBO0rjCAOe6HORAVyxZuyxKqoE
				Accept=*/*
Cookies:		<none>
Multiparts:		<none>
Body:			<none>
HTTP/1.1 200 OK
Date: Tue, 21 Jan 2025 02:45:02 GMT
Server: Apache/2.4.52 (Ubuntu)
Content-Security-Policy: default-src 'self';base-uri 'self';block-all-mixed-content;font-src 'self' https: data:;frame-ancestors 'self';img-src 'self' data:;object-src 'none';script-src 'self';script-src-attr 'none';style-src 'self' https: 'unsafe-inline';upgrade-insecure-requests
X-DNS-Prefetch-Control: off
Expect-CT: max-age=0
X-Frame-Options: SAMEORIGIN
Strict-Transport-Security: max-age=15552000; includeSubDomains
X-Download-Options: noopen
X-Content-Type-Options: nosniff
X-Permitted-Cross-Domain-Policies: none
Referrer-Policy: no-referrer
X-XSS-Protection: 0
Access-Control-Allow-Origin: *
Content-Type: application/json; charset=utf-8
Content-Length: 42
ETag: W/"2a-2mOwR6FOFcYds+NaVy6wWIOyKCY"
Vary: Accept-Encoding
Keep-Alive: timeout=5, max=100
Connection: Keep-Alive

{
    "message": "Product Deleted Successfully"
}
]]></system-out>
  </testcase>
  <testcase name="serializeAddPlace" classname="restAssuresTest.SerializeTest" time="0.899">
    <system-out><![CDATA[Request method:	POST
Request URI:	https://rahulshettyacademy.com/maps/api/place/add/json?key=qaclick123
Proxy:			<none>
Request params:	<none>
Query params:	key=qaclick123
Form params:	<none>
Path params:	<none>
Headers:		Accept=*/*
				Content-Type=text/plain; charset=ISO-8859-1
Cookies:		<none>
Multiparts:		<none>
Body:
{"location":{"lat":-38.375494,"lng":33.42362},"accuracy":50,"name":"Allen Walker","phone_number":"(+92)983 893 3837)","address":"40, inner layout, cohe 10","types":["foot park","sword shop"],"website":"http://google.com","language":"English-EN"}
HTTP/1.1 200 OK
Date: Tue, 21 Jan 2025 02:45:02 GMT
Server: Apache/2.4.52 (Ubuntu)
Access-Control-Allow-Origin: *
Access-Control-Allow-Methods: POST
Access-Control-Max-Age: 3600
Access-Control-Allow-Headers: Content-Type, Access-Control-Allow-Headers, Authorization, X-Requested-With
Content-Length: 194
Keep-Alive: timeout=5, max=100
Connection: Keep-Alive
Content-Type: application/json;charset=UTF-8

{
    "status": "OK",
    "place_id": "685083630524ff236330648d94f06699",
    "scope": "APP",
    "reference": "634a2cfb6327a953c164b6b9ac7796c2634a2cfb6327a953c164b6b9ac7796c2",
    "id": "634a2cfb6327a953c164b6b9ac7796c2"
}
{"status":"OK","place_id":"685083630524ff236330648d94f06699","scope":"APP","reference":"634a2cfb6327a953c164b6b9ac7796c2634a2cfb6327a953c164b6b9ac7796c2","id":"634a2cfb6327a953c164b6b9ac7796c2"}
]]></system-out>
  </testcase>
  <testcase name="serializeAddPlace" classname="restAssuresTest.SpecBuilderTest" time="0.884">
    <system-out><![CDATA[Request method:	POST
Request URI:	https://rahulshettyacademy.com/maps/api/place/add/json?key=qaclick123
Proxy:			<none>
Request params:	<none>
Query params:	key=qaclick123
Form params:	<none>
Path params:	<none>
Headers:		Accept=*/*
				Content-Type=application/json
Cookies:		<none>
Multiparts:		<none>
Body:
{
    "location": {
        "lat": -38.375494,
        "lng": 33.42362
    },
    "accuracy": 50,
    "name": "Allen Walker",
    "phone_number": "(+92)983 893 3837)",
    "address": "40, inner layout, cohe 10",
    "types": [
        "foot park",
        "gun shop"
    ],
    "website": "http://google.com",
    "language": "English-EN"
}
HTTP/1.1 200 OK
Date: Tue, 21 Jan 2025 02:45:03 GMT
Server: Apache/2.4.52 (Ubuntu)
Access-Control-Allow-Origin: *
Access-Control-Allow-Methods: POST
Access-Control-Max-Age: 3600
Access-Control-Allow-Headers: Content-Type, Access-Control-Allow-Headers, Authorization, X-Requested-With
Content-Length: 194
Keep-Alive: timeout=5, max=100
Connection: Keep-Alive
Content-Type: application/json;charset=UTF-8

{
    "status": "OK",
    "place_id": "63d876b48e6eb4af57382fe340be1142",
    "scope": "APP",
    "reference": "df0dee250851036f306df4716b7a52a4df0dee250851036f306df4716b7a52a4",
    "id": "df0dee250851036f306df4716b7a52a4"
}
]]></system-out>
  </testcase>
</testsuite>